2016-01-15 12:42:07 Error: [MissingControllerException] Controller class ImagesController could not be found.
Exception Attributes: array (
  'class' => 'ImagesController',
  'plugin' => NULL,
)
Request URL: /images/cover/nubes.png
Stack Trace:
#0 /Users/elionaz/Sites/Frenchs/cake/app/webroot/index.php(110): Dispatcher->dispatch(Object(CakeRequest), Object(CakeResponse))
#1 {main}
2016-01-15 12:42:07 Error: [MissingControllerException] Controller class ImagesController could not be found.
Exception Attributes: array (
  'class' => 'ImagesController',
  'plugin' => NULL,
)
Request URL: /images/cover/hills.png
Stack Trace:
#0 /Users/elionaz/Sites/Frenchs/cake/app/webroot/index.php(110): Dispatcher->dispatch(Object(CakeRequest), Object(CakeResponse))
#1 {main}
2016-01-15 12:42:07 Error: [MissingControllerException] Controller class ImagesController could not be found.
Exception Attributes: array (
  'class' => 'ImagesController',
  'plugin' => NULL,
)
Request URL: /images/cover/santa.png
Stack Trace:
#0 /Users/elionaz/Sites/Frenchs/cake/app/webroot/index.php(110): Dispatcher->dispatch(Object(CakeRequest), Object(CakeResponse))
#1 {main}
2016-01-15 12:42:07 Error: [MissingControllerException] Controller class ImagesController could not be found.
Exception Attributes: array (
  'class' => 'ImagesController',
  'plugin' => NULL,
)
Request URL: /images/cover/hazlo-unico.png
Stack Trace:
#0 /Users/elionaz/Sites/Frenchs/cake/app/webroot/index.php(110): Dispatcher->dispatch(Object(CakeRequest), Object(CakeResponse))
#1 {main}
2016-01-15 12:42:07 Error: [MissingControllerException] Controller class ImagesController could not be found.
Exception Attributes: array (
  'class' => 'ImagesController',
  'plugin' => NULL,
)
Request URL: /images/cover/hills-front.png
Stack Trace:
#0 /Users/elionaz/Sites/Frenchs/cake/app/webroot/index.php(110): Dispatcher->dispatch(Object(CakeRequest), Object(CakeResponse))
#1 {main}
2016-01-15 12:42:07 Error: [MissingControllerException] Controller class ImagesController could not be found.
Exception Attributes: array (
  'class' => 'ImagesController',
  'plugin' => NULL,
)
Request URL: /images/inspiracion/img2-prueba-inspiracion.jpg
Stack Trace:
#0 /Users/elionaz/Sites/Frenchs/cake/app/webroot/index.php(110): Dispatcher->dispatch(Object(CakeRequest), Object(CakeResponse))
#1 {main}
2016-01-15 12:42:07 Error: [MissingControllerException] Controller class ImagesController could not be found.
Exception Attributes: array (
  'class' => 'ImagesController',
  'plugin' => NULL,
)
Request URL: /images/inspiracion/img1-prueba-inspiracion.jpg
Stack Trace:
#0 /Users/elionaz/Sites/Frenchs/cake/app/webroot/index.php(110): Dispatcher->dispatch(Object(CakeRequest), Object(CakeResponse))
#1 {main}
2016-01-15 12:42:07 Error: [MissingControllerException] Controller class ImagesController could not be found.
Exception Attributes: array (
  'class' => 'ImagesController',
  'plugin' => NULL,
)
Request URL: /images/inspiracion/img3-prueba-inspiracion.jpg
Stack Trace:
#0 /Users/elionaz/Sites/Frenchs/cake/app/webroot/index.php(110): Dispatcher->dispatch(Object(CakeRequest), Object(CakeResponse))
#1 {main}
2016-01-15 12:42:07 Error: [MissingControllerException] Controller class ImagesController could not be found.
Exception Attributes: array (
  'class' => 'ImagesController',
  'plugin' => NULL,
)
Request URL: /images/productos/producto-cinta-cristal.png
Stack Trace:
#0 /Users/elionaz/Sites/Frenchs/cake/app/webroot/index.php(110): Dispatcher->dispatch(Object(CakeRequest), Object(CakeResponse))
#1 {main}
2016-01-15 12:42:07 Error: [MissingControllerException] Controller class ImagesController could not be found.
Exception Attributes: array (
  'class' => 'ImagesController',
  'plugin' => NULL,
)
Request URL: /images/productos/producto-cinta-magica.png
Stack Trace:
#0 /Users/elionaz/Sites/Frenchs/cake/app/webroot/index.php(110): Dispatcher->dispatch(Object(CakeRequest), Object(CakeResponse))
#1 {main}
2016-01-15 12:42:41 Error: [MissingControllerException] Controller class ImagesController could not be found.
Exception Attributes: array (
  'class' => 'ImagesController',
  'plugin' => NULL,
)
Request URL: /images/cover/nubes.png
Stack Trace:
#0 /Users/elionaz/Sites/Frenchs/cake/app/webroot/index.php(110): Dispatcher->dispatch(Object(CakeRequest), Object(CakeResponse))
#1 {main}
2016-01-15 12:42:41 Error: [MissingControllerException] Controller class ImagesController could not be found.
Exception Attributes: array (
  'class' => 'ImagesController',
  'plugin' => NULL,
)
Request URL: /images/cover/hills.png
Stack Trace:
#0 /Users/elionaz/Sites/Frenchs/cake/app/webroot/index.php(110): Dispatcher->dispatch(Object(CakeRequest), Object(CakeResponse))
#1 {main}
2016-01-15 12:42:41 Error: [MissingControllerException] Controller class ImagesController could not be found.
Exception Attributes: array (
  'class' => 'ImagesController',
  'plugin' => NULL,
)
Request URL: /images/cover/hazlo-unico.png
Stack Trace:
#0 /Users/elionaz/Sites/Frenchs/cake/app/webroot/index.php(110): Dispatcher->dispatch(Object(CakeRequest), Object(CakeResponse))
#1 {main}
2016-01-15 12:42:41 Error: [MissingControllerException] Controller class ImagesController could not be found.
Exception Attributes: array (
  'class' => 'ImagesController',
  'plugin' => NULL,
)
Request URL: /images/cover/hills-front.png
Stack Trace:
#0 /Users/elionaz/Sites/Frenchs/cake/app/webroot/index.php(110): Dispatcher->dispatch(Object(CakeRequest), Object(CakeResponse))
#1 {main}
2016-01-15 12:42:41 Error: [MissingControllerException] Controller class ImagesController could not be found.
Exception Attributes: array (
  'class' => 'ImagesController',
  'plugin' => NULL,
)
Request URL: /images/cover/santa.png
Stack Trace:
#0 /Users/elionaz/Sites/Frenchs/cake/app/webroot/index.php(110): Dispatcher->dispatch(Object(CakeRequest), Object(CakeResponse))
#1 {main}
2016-01-15 12:42:41 Error: [MissingControllerException] Controller class ImagesController could not be found.
Exception Attributes: array (
  'class' => 'ImagesController',
  'plugin' => NULL,
)
Request URL: /images/inspiracion/img1-prueba-inspiracion.jpg
Stack Trace:
#0 /Users/elionaz/Sites/Frenchs/cake/app/webroot/index.php(110): Dispatcher->dispatch(Object(CakeRequest), Object(CakeResponse))
#1 {main}
2016-01-15 12:42:41 Error: [MissingControllerException] Controller class ImagesController could not be found.
Exception Attributes: array (
  'class' => 'ImagesController',
  'plugin' => NULL,
)
Request URL: /images/inspiracion/img2-prueba-inspiracion.jpg
Stack Trace:
#0 /Users/elionaz/Sites/Frenchs/cake/app/webroot/index.php(110): Dispatcher->dispatch(Object(CakeRequest), Object(CakeResponse))
#1 {main}
2016-01-15 12:42:41 Error: [MissingControllerException] Controller class ImagesController could not be found.
Exception Attributes: array (
  'class' => 'ImagesController',
  'plugin' => NULL,
)
Request URL: /images/inspiracion/img3-prueba-inspiracion.jpg
Stack Trace:
#0 /Users/elionaz/Sites/Frenchs/cake/app/webroot/index.php(110): Dispatcher->dispatch(Object(CakeRequest), Object(CakeResponse))
#1 {main}
2016-01-15 12:42:41 Error: [MissingControllerException] Controller class ImagesController could not be found.
Exception Attributes: array (
  'class' => 'ImagesController',
  'plugin' => NULL,
)
Request URL: /images/productos/producto-cinta-cristal.png
Stack Trace:
#0 /Users/elionaz/Sites/Frenchs/cake/app/webroot/index.php(110): Dispatcher->dispatch(Object(CakeRequest), Object(CakeResponse))
#1 {main}
2016-01-15 12:42:41 Error: [MissingControllerException] Controller class ImagesController could not be found.
Exception Attributes: array (
  'class' => 'ImagesController',
  'plugin' => NULL,
)
Request URL: /images/productos/producto-cinta-magica.png
Stack Trace:
#0 /Users/elionaz/Sites/Frenchs/cake/app/webroot/index.php(110): Dispatcher->dispatch(Object(CakeRequest), Object(CakeResponse))
#1 {main}
2016-01-15 12:42:44 Error: [MissingControllerException] Controller class ImagesController could not be found.
Exception Attributes: array (
  'class' => 'ImagesController',
  'plugin' => NULL,
)
Request URL: /images/cover/nubes.png
Stack Trace:
#0 /Users/elionaz/Sites/Frenchs/cake/app/webroot/index.php(110): Dispatcher->dispatch(Object(CakeRequest), Object(CakeResponse))
#1 {main}
2016-01-15 12:42:44 Error: [MissingControllerException] Controller class ImagesController could not be found.
Exception Attributes: array (
  'class' => 'ImagesController',
  'plugin' => NULL,
)
Request URL: /images/cover/hills.png
Stack Trace:
#0 /Users/elionaz/Sites/Frenchs/cake/app/webroot/index.php(110): Dispatcher->dispatch(Object(CakeRequest), Object(CakeResponse))
#1 {main}
2016-01-15 12:42:44 Error: [MissingControllerException] Controller class ImagesController could not be found.
Exception Attributes: array (
  'class' => 'ImagesController',
  'plugin' => NULL,
)
Request URL: /images/cover/hills-front.png
Stack Trace:
#0 /Users/elionaz/Sites/Frenchs/cake/app/webroot/index.php(110): Dispatcher->dispatch(Object(CakeRequest), Object(CakeResponse))
#1 {main}
2016-01-15 12:42:44 Error: [MissingControllerException] Controller class ImagesController could not be found.
Exception Attributes: array (
  'class' => 'ImagesController',
  'plugin' => NULL,
)
Request URL: /images/cover/santa.png
Stack Trace:
#0 /Users/elionaz/Sites/Frenchs/cake/app/webroot/index.php(110): Dispatcher->dispatch(Object(CakeRequest), Object(CakeResponse))
#1 {main}
2016-01-15 12:42:44 Error: [MissingControllerException] Controller class ImagesController could not be found.
Exception Attributes: array (
  'class' => 'ImagesController',
  'plugin' => NULL,
)
Request URL: /images/inspiracion/img1-prueba-inspiracion.jpg
Stack Trace:
#0 /Users/elionaz/Sites/Frenchs/cake/app/webroot/index.php(110): Dispatcher->dispatch(Object(CakeRequest), Object(CakeResponse))
#1 {main}
2016-01-15 12:42:44 Error: [MissingControllerException] Controller class ImagesController could not be found.
Exception Attributes: array (
  'class' => 'ImagesController',
  'plugin' => NULL,
)
Request URL: /images/cover/hazlo-unico.png
Stack Trace:
#0 /Users/elionaz/Sites/Frenchs/cake/app/webroot/index.php(110): Dispatcher->dispatch(Object(CakeRequest), Object(CakeResponse))
#1 {main}
2016-01-15 12:42:44 Error: [MissingControllerException] Controller class ImagesController could not be found.
Exception Attributes: array (
  'class' => 'ImagesController',
  'plugin' => NULL,
)
Request URL: /images/inspiracion/img2-prueba-inspiracion.jpg
Stack Trace:
#0 /Users/elionaz/Sites/Frenchs/cake/app/webroot/index.php(110): Dispatcher->dispatch(Object(CakeRequest), Object(CakeResponse))
#1 {main}
2016-01-15 12:42:44 Error: [MissingControllerException] Controller class ImagesController could not be found.
Exception Attributes: array (
  'class' => 'ImagesController',
  'plugin' => NULL,
)
Request URL: /images/productos/producto-cinta-cristal.png
Stack Trace:
#0 /Users/elionaz/Sites/Frenchs/cake/app/webroot/index.php(110): Dispatcher->dispatch(Object(CakeRequest), Object(CakeResponse))
#1 {main}
2016-01-15 12:42:44 Error: [MissingControllerException] Controller class ImagesController could not be found.
Exception Attributes: array (
  'class' => 'ImagesController',
  'plugin' => NULL,
)
Request URL: /images/productos/producto-cinta-magica.png
Stack Trace:
#0 /Users/elionaz/Sites/Frenchs/cake/app/webroot/index.php(110): Dispatcher->dispatch(Object(CakeRequest), Object(CakeResponse))
#1 {main}
2016-01-15 12:42:44 Error: [MissingControllerException] Controller class ImagesController could not be found.
Exception Attributes: array (
  'class' => 'ImagesController',
  'plugin' => NULL,
)
Request URL: /images/inspiracion/img3-prueba-inspiracion.jpg
Stack Trace:
#0 /Users/elionaz/Sites/Frenchs/cake/app/webroot/index.php(110): Dispatcher->dispatch(Object(CakeRequest), Object(CakeResponse))
#1 {main}
2016-01-15 12:42:47 Error: [MissingControllerException] Controller class ImagesController could not be found.
Exception Attributes: array (
  'class' => 'ImagesController',
  'plugin' => NULL,
)
Request URL: /images/cover/nubes.png
Stack Trace:
#0 /Users/elionaz/Sites/Frenchs/cake/app/webroot/index.php(110): Dispatcher->dispatch(Object(CakeRequest), Object(CakeResponse))
#1 {main}
2016-01-15 12:42:47 Error: [MissingControllerException] Controller class ImagesController could not be found.
Exception Attributes: array (
  'class' => 'ImagesController',
  'plugin' => NULL,
)
Request URL: /images/cover/santa.png
Stack Trace:
#0 /Users/elionaz/Sites/Frenchs/cake/app/webroot/index.php(110): Dispatcher->dispatch(Object(CakeRequest), Object(CakeResponse))
#1 {main}
2016-01-15 12:42:47 Error: [MissingControllerException] Controller class ImagesController could not be found.
Exception Attributes: array (
  'class' => 'ImagesController',
  'plugin' => NULL,
)
Request URL: /images/cover/hills.png
Stack Trace:
#0 /Users/elionaz/Sites/Frenchs/cake/app/webroot/index.php(110): Dispatcher->dispatch(Object(CakeRequest), Object(CakeResponse))
#1 {main}
2016-01-15 12:42:47 Error: [MissingControllerException] Controller class ImagesController could not be found.
Exception Attributes: array (
  'class' => 'ImagesController',
  'plugin' => NULL,
)
Request URL: /images/cover/hills-front.png
Stack Trace:
#0 /Users/elionaz/Sites/Frenchs/cake/app/webroot/index.php(110): Dispatcher->dispatch(Object(CakeRequest), Object(CakeResponse))
#1 {main}
2016-01-15 12:42:47 Error: [MissingControllerException] Controller class ImagesController could not be found.
Exception Attributes: array (
  'class' => 'ImagesController',
  'plugin' => NULL,
)
Request URL: /images/inspiracion/img1-prueba-inspiracion.jpg
Stack Trace:
#0 /Users/elionaz/Sites/Frenchs/cake/app/webroot/index.php(110): Dispatcher->dispatch(Object(CakeRequest), Object(CakeResponse))
#1 {main}
2016-01-15 12:42:47 Error: [MissingControllerException] Controller class ImagesController could not be found.
Exception Attributes: array (
  'class' => 'ImagesController',
  'plugin' => NULL,
)
Request URL: /images/cover/hazlo-unico.png
Stack Trace:
#0 /Users/elionaz/Sites/Frenchs/cake/app/webroot/index.php(110): Dispatcher->dispatch(Object(CakeRequest), Object(CakeResponse))
#1 {main}
2016-01-15 12:42:47 Error: [MissingControllerException] Controller class ImagesController could not be found.
Exception Attributes: array (
  'class' => 'ImagesController',
  'plugin' => NULL,
)
Request URL: /images/inspiracion/img2-prueba-inspiracion.jpg
Stack Trace:
#0 /Users/elionaz/Sites/Frenchs/cake/app/webroot/index.php(110): Dispatcher->dispatch(Object(CakeRequest), Object(CakeResponse))
#1 {main}
2016-01-15 12:42:47 Error: [MissingControllerException] Controller class ImagesController could not be found.
Exception Attributes: array (
  'class' => 'ImagesController',
  'plugin' => NULL,
)
Request URL: /images/inspiracion/img3-prueba-inspiracion.jpg
Stack Trace:
#0 /Users/elionaz/Sites/Frenchs/cake/app/webroot/index.php(110): Dispatcher->dispatch(Object(CakeRequest), Object(CakeResponse))
#1 {main}
2016-01-15 12:42:47 Error: [MissingControllerException] Controller class ImagesController could not be found.
Exception Attributes: array (
  'class' => 'ImagesController',
  'plugin' => NULL,
)
Request URL: /images/productos/producto-cinta-magica.png
Stack Trace:
#0 /Users/elionaz/Sites/Frenchs/cake/app/webroot/index.php(110): Dispatcher->dispatch(Object(CakeRequest), Object(CakeResponse))
#1 {main}
2016-01-15 12:42:47 Error: [MissingControllerException] Controller class ImagesController could not be found.
Exception Attributes: array (
  'class' => 'ImagesController',
  'plugin' => NULL,
)
Request URL: /images/productos/producto-cinta-cristal.png
Stack Trace:
#0 /Users/elionaz/Sites/Frenchs/cake/app/webroot/index.php(110): Dispatcher->dispatch(Object(CakeRequest), Object(CakeResponse))
#1 {main}
2016-01-15 12:43:01 Error: [MissingControllerException] Controller class ImagesController could not be found.
Exception Attributes: array (
  'class' => 'ImagesController',
  'plugin' => NULL,
)
Request URL: /images/cover/nubes.png
Stack Trace:
#0 /Users/elionaz/Sites/Frenchs/cake/app/webroot/index.php(110): Dispatcher->dispatch(Object(CakeRequest), Object(CakeResponse))
#1 {main}
2016-01-15 12:43:01 Error: [MissingControllerException] Controller class ImagesController could not be found.
Exception Attributes: array (
  'class' => 'ImagesController',
  'plugin' => NULL,
)
Request URL: /images/cover/css/main.css
Stack Trace:
#0 /Users/elionaz/Sites/Frenchs/cake/app/webroot/index.php(110): Dispatcher->dispatch(Object(CakeRequest), Object(CakeResponse))
#1 {main}
2016-01-15 12:43:01 Error: [MissingControllerException] Controller class ImagesController could not be found.
Exception Attributes: array (
  'class' => 'ImagesController',
  'plugin' => NULL,
)
Request URL: /images/cover/plugins/bxslider/jquery.bxslider.css
Stack Trace:
#0 /Users/elionaz/Sites/Frenchs/cake/app/webroot/index.php(110): Dispatcher->dispatch(Object(CakeRequest), Object(CakeResponse))
#1 {main}
2016-01-15 12:43:01 Error: [MissingControllerException] Controller class ImagesController could not be found.
Exception Attributes: array (
  'class' => 'ImagesController',
  'plugin' => NULL,
)
Request URL: /images/cover/plugins/drag-and-drop/jquery.ezdz.min.css
Stack Trace:
#0 /Users/elionaz/Sites/Frenchs/cake/app/webroot/index.php(110): Dispatcher->dispatch(Object(CakeRequest), Object(CakeResponse))
#1 {main}
2016-01-15 12:43:01 Error: [MissingControllerException] Controller class ImagesController could not be found.
Exception Attributes: array (
  'class' => 'ImagesController',
  'plugin' => NULL,
)
Request URL: /images/cover/plugins/font-awesome/css/font-awesome.min.css
Stack Trace:
#0 /Users/elionaz/Sites/Frenchs/cake/app/webroot/index.php(110): Dispatcher->dispatch(Object(CakeRequest), Object(CakeResponse))
#1 {main}
2016-01-15 12:43:01 Error: [MissingControllerException] Controller class ImagesController could not be found.
Exception Attributes: array (
  'class' => 'ImagesController',
  'plugin' => NULL,
)
Request URL: /images/cover/plugins/tinder/jquery.min.js
Stack Trace:
#0 /Users/elionaz/Sites/Frenchs/cake/app/webroot/index.php(110): Dispatcher->dispatch(Object(CakeRequest), Object(CakeResponse))
#1 {main}
2016-01-15 12:43:01 Error: [MissingControllerException] Controller class ImagesController could not be found.
Exception Attributes: array (
  'class' => 'ImagesController',
  'plugin' => NULL,
)
Request URL: /images/cover/plugins/bxslider/jquery.bxslider.min.js
Stack Trace:
#0 /Users/elionaz/Sites/Frenchs/cake/app/webroot/index.php(110): Dispatcher->dispatch(Object(CakeRequest), Object(CakeResponse))
#1 {main}
2016-01-15 12:43:01 Error: [MissingControllerException] Controller class ImagesController could not be found.
Exception Attributes: array (
  'class' => 'ImagesController',
  'plugin' => NULL,
)
Request URL: /images/cover/plugins/tinder/jquery.transform2d.js
Stack Trace:
#0 /Users/elionaz/Sites/Frenchs/cake/app/webroot/index.php(110): Dispatcher->dispatch(Object(CakeRequest), Object(CakeResponse))
#1 {main}
2016-01-15 12:43:01 Error: [MissingControllerException] Controller class ImagesController could not be found.
Exception Attributes: array (
  'class' => 'ImagesController',
  'plugin' => NULL,
)
Request URL: /images/cover/plugins/tinder/jquery.jTinder.js
Stack Trace:
#0 /Users/elionaz/Sites/Frenchs/cake/app/webroot/index.php(110): Dispatcher->dispatch(Object(CakeRequest), Object(CakeResponse))
#1 {main}
2016-01-15 12:43:01 Error: [MissingControllerException] Controller class ImagesController could not be found.
Exception Attributes: array (
  'class' => 'ImagesController',
  'plugin' => NULL,
)
Request URL: /images/cover/plugins/parallax/parallax.js
Stack Trace:
#0 /Users/elionaz/Sites/Frenchs/cake/app/webroot/index.php(110): Dispatcher->dispatch(Object(CakeRequest), Object(CakeResponse))
#1 {main}
2016-01-15 12:43:01 Error: [MissingControllerException] Controller class ImagesController could not be found.
Exception Attributes: array (
  'class' => 'ImagesController',
  'plugin' => NULL,
)
Request URL: /images/cover/plugins/drag-and-drop/jquery.ezdz.min.js
Stack Trace:
#0 /Users/elionaz/Sites/Frenchs/cake/app/webroot/index.php(110): Dispatcher->dispatch(Object(CakeRequest), Object(CakeResponse))
#1 {main}
2016-01-15 12:43:01 Error: [MissingControllerException] Controller class ImagesController could not be found.
Exception Attributes: array (
  'class' => 'ImagesController',
  'plugin' => NULL,
)
Request URL: /images/cover/js/main.js
Stack Trace:
#0 /Users/elionaz/Sites/Frenchs/cake/app/webroot/index.php(110): Dispatcher->dispatch(Object(CakeRequest), Object(CakeResponse))
#1 {main}
2016-01-15 12:43:01 Error: [MissingControllerException] Controller class ImagesController could not be found.
Exception Attributes: array (
  'class' => 'ImagesController',
  'plugin' => NULL,
)
Request URL: /images/cover/js/vendor/jquery-1.11.0.min.js
Stack Trace:
#0 /Users/elionaz/Sites/Frenchs/cake/app/webroot/index.php(110): Dispatcher->dispatch(Object(CakeRequest), Object(CakeResponse))
#1 {main}
2016-01-15 12:47:33 Error: [MissingControllerException] Controller class ImagesController could not be found.
Exception Attributes: array (
  'class' => 'ImagesController',
  'plugin' => NULL,
)
Request URL: /images/cover/nubes.png
Stack Trace:
#0 /Users/elionaz/Sites/Frenchs/cake/app/webroot/index.php(110): Dispatcher->dispatch(Object(CakeRequest), Object(CakeResponse))
#1 {main}
2016-01-15 12:47:33 Error: [MissingControllerException] Controller class ImagesController could not be found.
Exception Attributes: array (
  'class' => 'ImagesController',
  'plugin' => NULL,
)
Request URL: /images/cover/santa.png
Stack Trace:
#0 /Users/elionaz/Sites/Frenchs/cake/app/webroot/index.php(110): Dispatcher->dispatch(Object(CakeRequest), Object(CakeResponse))
#1 {main}
2016-01-15 12:47:33 Error: [MissingControllerException] Controller class ImagesController could not be found.
Exception Attributes: array (
  'class' => 'ImagesController',
  'plugin' => NULL,
)
Request URL: /images/cover/hazlo-unico.png
Stack Trace:
#0 /Users/elionaz/Sites/Frenchs/cake/app/webroot/index.php(110): Dispatcher->dispatch(Object(CakeRequest), Object(CakeResponse))
#1 {main}
2016-01-15 12:47:33 Error: [MissingControllerException] Controller class ImagesController could not be found.
Exception Attributes: array (
  'class' => 'ImagesController',
  'plugin' => NULL,
)
Request URL: /images/inspiracion/img1-prueba-inspiracion.jpg
Stack Trace:
#0 /Users/elionaz/Sites/Frenchs/cake/app/webroot/index.php(110): Dispatcher->dispatch(Object(CakeRequest), Object(CakeResponse))
#1 {main}
2016-01-15 12:47:33 Error: [MissingControllerException] Controller class ImagesController could not be found.
Exception Attributes: array (
  'class' => 'ImagesController',
  'plugin' => NULL,
)
Request URL: /images/cover/hills.png
Stack Trace:
#0 /Users/elionaz/Sites/Frenchs/cake/app/webroot/index.php(110): Dispatcher->dispatch(Object(CakeRequest), Object(CakeResponse))
#1 {main}
2016-01-15 12:47:33 Error: [MissingControllerException] Controller class ImagesController could not be found.
Exception Attributes: array (
  'class' => 'ImagesController',
  'plugin' => NULL,
)
Request URL: /images/cover/hills-front.png
Stack Trace:
#0 /Users/elionaz/Sites/Frenchs/cake/app/webroot/index.php(110): Dispatcher->dispatch(Object(CakeRequest), Object(CakeResponse))
#1 {main}
2016-01-15 12:47:34 Error: [MissingControllerException] Controller class ImagesController could not be found.
Exception Attributes: array (
  'class' => 'ImagesController',
  'plugin' => NULL,
)
Request URL: /images/inspiracion/img3-prueba-inspiracion.jpg
Stack Trace:
#0 /Users/elionaz/Sites/Frenchs/cake/app/webroot/index.php(110): Dispatcher->dispatch(Object(CakeRequest), Object(CakeResponse))
#1 {main}
2016-01-15 12:47:34 Error: [MissingControllerException] Controller class ImagesController could not be found.
Exception Attributes: array (
  'class' => 'ImagesController',
  'plugin' => NULL,
)
Request URL: /images/inspiracion/img2-prueba-inspiracion.jpg
Stack Trace:
#0 /Users/elionaz/Sites/Frenchs/cake/app/webroot/index.php(110): Dispatcher->dispatch(Object(CakeRequest), Object(CakeResponse))
#1 {main}
2016-01-15 12:47:34 Error: [MissingControllerException] Controller class ImagesController could not be found.
Exception Attributes: array (
  'class' => 'ImagesController',
  'plugin' => NULL,
)
Request URL: /images/productos/producto-cinta-cristal.png
Stack Trace:
#0 /Users/elionaz/Sites/Frenchs/cake/app/webroot/index.php(110): Dispatcher->dispatch(Object(CakeRequest), Object(CakeResponse))
#1 {main}
2016-01-15 12:47:34 Error: [MissingControllerException] Controller class ImagesController could not be found.
Exception Attributes: array (
  'class' => 'ImagesController',
  'plugin' => NULL,
)
Request URL: /images/productos/producto-cinta-magica.png
Stack Trace:
#0 /Users/elionaz/Sites/Frenchs/cake/app/webroot/index.php(110): Dispatcher->dispatch(Object(CakeRequest), Object(CakeResponse))
#1 {main}
2016-01-15 12:47:39 Error: [MissingControllerException] Controller class ImagesController could not be found.
Exception Attributes: array (
  'class' => 'ImagesController',
  'plugin' => NULL,
)
Request URL: /images/cover/hills-front.png
Stack Trace:
#0 /Users/elionaz/Sites/Frenchs/cake/app/webroot/index.php(110): Dispatcher->dispatch(Object(CakeRequest), Object(CakeResponse))
#1 {main}
2016-01-15 12:47:39 Error: [MissingControllerException] Controller class ImagesController could not be found.
Exception Attributes: array (
  'class' => 'ImagesController',
  'plugin' => NULL,
)
Request URL: /images/cover/hazlo-unico.png
Stack Trace:
#0 /Users/elionaz/Sites/Frenchs/cake/app/webroot/index.php(110): Dispatcher->dispatch(Object(CakeRequest), Object(CakeResponse))
#1 {main}
2016-01-15 12:47:39 Error: [MissingControllerException] Controller class ImagesController could not be found.
Exception Attributes: array (
  'class' => 'ImagesController',
  'plugin' => NULL,
)
Request URL: /images/cover/nubes.png
Stack Trace:
#0 /Users/elionaz/Sites/Frenchs/cake/app/webroot/index.php(110): Dispatcher->dispatch(Object(CakeRequest), Object(CakeResponse))
#1 {main}
2016-01-15 12:47:39 Error: [MissingControllerException] Controller class ImagesController could not be found.
Exception Attributes: array (
  'class' => 'ImagesController',
  'plugin' => NULL,
)
Request URL: /images/inspiracion/img1-prueba-inspiracion.jpg
Stack Trace:
#0 /Users/elionaz/Sites/Frenchs/cake/app/webroot/index.php(110): Dispatcher->dispatch(Object(CakeRequest), Object(CakeResponse))
#1 {main}
2016-01-15 12:47:39 Error: [MissingControllerException] Controller class ImagesController could not be found.
Exception Attributes: array (
  'class' => 'ImagesController',
  'plugin' => NULL,
)
Request URL: /images/cover/hills.png
Stack Trace:
#0 /Users/elionaz/Sites/Frenchs/cake/app/webroot/index.php(110): Dispatcher->dispatch(Object(CakeRequest), Object(CakeResponse))
#1 {main}
2016-01-15 12:47:39 Error: [MissingControllerException] Controller class ImagesController could not be found.
Exception Attributes: array (
  'class' => 'ImagesController',
  'plugin' => NULL,
)
Request URL: /images/cover/santa.png
Stack Trace:
#0 /Users/elionaz/Sites/Frenchs/cake/app/webroot/index.php(110): Dispatcher->dispatch(Object(CakeRequest), Object(CakeResponse))
#1 {main}
2016-01-15 12:47:39 Error: [MissingControllerException] Controller class ImagesController could not be found.
Exception Attributes: array (
  'class' => 'ImagesController',
  'plugin' => NULL,
)
Request URL: /images/inspiracion/img2-prueba-inspiracion.jpg
Stack Trace:
#0 /Users/elionaz/Sites/Frenchs/cake/app/webroot/index.php(110): Dispatcher->dispatch(Object(CakeRequest), Object(CakeResponse))
#1 {main}
2016-01-15 12:47:39 Error: [MissingControllerException] Controller class ImagesController could not be found.
Exception Attributes: array (
  'class' => 'ImagesController',
  'plugin' => NULL,
)
Request URL: /images/productos/producto-cinta-cristal.png
Stack Trace:
#0 /Users/elionaz/Sites/Frenchs/cake/app/webroot/index.php(110): Dispatcher->dispatch(Object(CakeRequest), Object(CakeResponse))
#1 {main}
2016-01-15 12:47:39 Error: [MissingControllerException] Controller class ImagesController could not be found.
Exception Attributes: array (
  'class' => 'ImagesController',
  'plugin' => NULL,
)
Request URL: /images/productos/producto-cinta-magica.png
Stack Trace:
#0 /Users/elionaz/Sites/Frenchs/cake/app/webroot/index.php(110): Dispatcher->dispatch(Object(CakeRequest), Object(CakeResponse))
#1 {main}
2016-01-15 12:47:39 Error: [MissingControllerException] Controller class ImagesController could not be found.
Exception Attributes: array (
  'class' => 'ImagesController',
  'plugin' => NULL,
)
Request URL: /images/inspiracion/img3-prueba-inspiracion.jpg
Stack Trace:
#0 /Users/elionaz/Sites/Frenchs/cake/app/webroot/index.php(110): Dispatcher->dispatch(Object(CakeRequest), Object(CakeResponse))
#1 {main}
2016-01-15 12:47:58 Error: [MissingControllerException] Controller class ImagesController could not be found.
Exception Attributes: array (
  'class' => 'ImagesController',
  'plugin' => NULL,
)
Request URL: /images/inspiracion/img1-prueba-inspiracion.jpg
Stack Trace:
#0 /Users/elionaz/Sites/Frenchs/cake/app/webroot/index.php(110): Dispatcher->dispatch(Object(CakeRequest), Object(CakeResponse))
#1 {main}
2016-01-15 12:53:25 Error: [MissingControllerException] Controller class ImagesController could not be found.
Exception Attributes: array (
  'class' => 'ImagesController',
  'plugin' => NULL,
)
Request URL: /images/cover/hills-front.png
Stack Trace:
#0 /Users/elionaz/Sites/Frenchs/cake/app/webroot/index.php(110): Dispatcher->dispatch(Object(CakeRequest), Object(CakeResponse))
#1 {main}
2016-01-15 12:53:25 Error: [MissingControllerException] Controller class ImagesController could not be found.
Exception Attributes: array (
  'class' => 'ImagesController',
  'plugin' => NULL,
)
Request URL: /images/cover/santa.png
Stack Trace:
#0 /Users/elionaz/Sites/Frenchs/cake/app/webroot/index.php(110): Dispatcher->dispatch(Object(CakeRequest), Object(CakeResponse))
#1 {main}
2016-01-15 12:53:25 Error: [MissingControllerException] Controller class ImagesController could not be found.
Exception Attributes: array (
  'class' => 'ImagesController',
  'plugin' => NULL,
)
Request URL: /images/cover/nubes.png
Stack Trace:
#0 /Users/elionaz/Sites/Frenchs/cake/app/webroot/index.php(110): Dispatcher->dispatch(Object(CakeRequest), Object(CakeResponse))
#1 {main}
2016-01-15 12:53:25 Error: [MissingControllerException] Controller class ImagesController could not be found.
Exception Attributes: array (
  'class' => 'ImagesController',
  'plugin' => NULL,
)
Request URL: /images/cover/hills.png
Stack Trace:
#0 /Users/elionaz/Sites/Frenchs/cake/app/webroot/index.php(110): Dispatcher->dispatch(Object(CakeRequest), Object(CakeResponse))
#1 {main}
2016-01-15 12:53:25 Error: [MissingControllerException] Controller class ImagesController could not be found.
Exception Attributes: array (
  'class' => 'ImagesController',
  'plugin' => NULL,
)
Request URL: /images/inspiracion/img1-prueba-inspiracion.jpg
Stack Trace:
#0 /Users/elionaz/Sites/Frenchs/cake/app/webroot/index.php(110): Dispatcher->dispatch(Object(CakeRequest), Object(CakeResponse))
#1 {main}
2016-01-15 12:53:25 Error: [MissingControllerException] Controller class ImagesController could not be found.
Exception Attributes: array (
  'class' => 'ImagesController',
  'plugin' => NULL,
)
Request URL: /images/cover/hazlo-unico.png
Stack Trace:
#0 /Users/elionaz/Sites/Frenchs/cake/app/webroot/index.php(110): Dispatcher->dispatch(Object(CakeRequest), Object(CakeResponse))
#1 {main}
2016-01-15 12:53:25 Error: [MissingControllerException] Controller class ImagesController could not be found.
Exception Attributes: array (
  'class' => 'ImagesController',
  'plugin' => NULL,
)
Request URL: /images/productos/producto-cinta-cristal.png
Stack Trace:
#0 /Users/elionaz/Sites/Frenchs/cake/app/webroot/index.php(110): Dispatcher->dispatch(Object(CakeRequest), Object(CakeResponse))
#1 {main}
2016-01-15 12:53:25 Error: [MissingControllerException] Controller class ImagesController could not be found.
Exception Attributes: array (
  'class' => 'ImagesController',
  'plugin' => NULL,
)
Request URL: /images/inspiracion/img3-prueba-inspiracion.jpg
Stack Trace:
#0 /Users/elionaz/Sites/Frenchs/cake/app/webroot/index.php(110): Dispatcher->dispatch(Object(CakeRequest), Object(CakeResponse))
#1 {main}
2016-01-15 12:53:25 Error: [MissingControllerException] Controller class ImagesController could not be found.
Exception Attributes: array (
  'class' => 'ImagesController',
  'plugin' => NULL,
)
Request URL: /images/inspiracion/img2-prueba-inspiracion.jpg
Stack Trace:
#0 /Users/elionaz/Sites/Frenchs/cake/app/webroot/index.php(110): Dispatcher->dispatch(Object(CakeRequest), Object(CakeResponse))
#1 {main}
2016-01-15 12:53:25 Error: [MissingControllerException] Controller class ImagesController could not be found.
Exception Attributes: array (
  'class' => 'ImagesController',
  'plugin' => NULL,
)
Request URL: /images/productos/producto-cinta-magica.png
Stack Trace:
#0 /Users/elionaz/Sites/Frenchs/cake/app/webroot/index.php(110): Dispatcher->dispatch(Object(CakeRequest), Object(CakeResponse))
#1 {main}
2016-01-15 12:53:28 Error: [MissingControllerException] Controller class ImagesController could not be found.
Exception Attributes: array (
  'class' => 'ImagesController',
  'plugin' => NULL,
)
Request URL: /images/cover/nubes.png
Stack Trace:
#0 /Users/elionaz/Sites/Frenchs/cake/app/webroot/index.php(110): Dispatcher->dispatch(Object(CakeRequest), Object(CakeResponse))
#1 {main}
2016-01-15 12:53:28 Error: [MissingControllerException] Controller class ImagesController could not be found.
Exception Attributes: array (
  'class' => 'ImagesController',
  'plugin' => NULL,
)
Request URL: /images/cover/santa.png
Stack Trace:
#0 /Users/elionaz/Sites/Frenchs/cake/app/webroot/index.php(110): Dispatcher->dispatch(Object(CakeRequest), Object(CakeResponse))
#1 {main}
2016-01-15 12:53:28 Error: [MissingControllerException] Controller class ImagesController could not be found.
Exception Attributes: array (
  'class' => 'ImagesController',
  'plugin' => NULL,
)
Request URL: /images/inspiracion/img1-prueba-inspiracion.jpg
Stack Trace:
#0 /Users/elionaz/Sites/Frenchs/cake/app/webroot/index.php(110): Dispatcher->dispatch(Object(CakeRequest), Object(CakeResponse))
#1 {main}
2016-01-15 12:53:28 Error: [MissingControllerException] Controller class ImagesController could not be found.
Exception Attributes: array (
  'class' => 'ImagesController',
  'plugin' => NULL,
)
Request URL: /images/cover/hazlo-unico.png
Stack Trace:
#0 /Users/elionaz/Sites/Frenchs/cake/app/webroot/index.php(110): Dispatcher->dispatch(Object(CakeRequest), Object(CakeResponse))
#1 {main}
2016-01-15 12:53:28 Error: [MissingControllerException] Controller class ImagesController could not be found.
Exception Attributes: array (
  'class' => 'ImagesController',
  'plugin' => NULL,
)
Request URL: /images/cover/hills-front.png
Stack Trace:
#0 /Users/elionaz/Sites/Frenchs/cake/app/webroot/index.php(110): Dispatcher->dispatch(Object(CakeRequest), Object(CakeResponse))
#1 {main}
2016-01-15 12:53:28 Error: [MissingControllerException] Controller class ImagesController could not be found.
Exception Attributes: array (
  'class' => 'ImagesController',
  'plugin' => NULL,
)
Request URL: /images/cover/hills.png
Stack Trace:
#0 /Users/elionaz/Sites/Frenchs/cake/app/webroot/index.php(110): Dispatcher->dispatch(Object(CakeRequest), Object(CakeResponse))
#1 {main}
2016-01-15 12:53:28 Error: [MissingControllerException] Controller class ImagesController could not be found.
Exception Attributes: array (
  'class' => 'ImagesController',
  'plugin' => NULL,
)
Request URL: /images/inspiracion/img2-prueba-inspiracion.jpg
Stack Trace:
#0 /Users/elionaz/Sites/Frenchs/cake/app/webroot/index.php(110): Dispatcher->dispatch(Object(CakeRequest), Object(CakeResponse))
#1 {main}
2016-01-15 12:53:28 Error: [MissingControllerException] Controller class ImagesController could not be found.
Exception Attributes: array (
  'class' => 'ImagesController',
  'plugin' => NULL,
)
Request URL: /images/inspiracion/img3-prueba-inspiracion.jpg
Stack Trace:
#0 /Users/elionaz/Sites/Frenchs/cake/app/webroot/index.php(110): Dispatcher->dispatch(Object(CakeRequest), Object(CakeResponse))
#1 {main}
2016-01-15 12:53:28 Error: [MissingControllerException] Controller class ImagesController could not be found.
Exception Attributes: array (
  'class' => 'ImagesController',
  'plugin' => NULL,
)
Request URL: /images/productos/producto-cinta-cristal.png
Stack Trace:
#0 /Users/elionaz/Sites/Frenchs/cake/app/webroot/index.php(110): Dispatcher->dispatch(Object(CakeRequest), Object(CakeResponse))
#1 {main}
2016-01-15 12:53:28 Error: [MissingControllerException] Controller class ImagesController could not be found.
Exception Attributes: array (
  'class' => 'ImagesController',
  'plugin' => NULL,
)
Request URL: /images/productos/producto-cinta-magica.png
Stack Trace:
#0 /Users/elionaz/Sites/Frenchs/cake/app/webroot/index.php(110): Dispatcher->dispatch(Object(CakeRequest), Object(CakeResponse))
#1 {main}
2016-01-15 12:55:59 Error: [MissingControllerException] Controller class ImagesController could not be found.
Exception Attributes: array (
  'class' => 'ImagesController',
  'plugin' => NULL,
)
Request URL: /images/inspiracion/img2-prueba-inspiracion.jpg
Stack Trace:
#0 /Users/elionaz/Sites/Frenchs/cake/app/webroot/index.php(110): Dispatcher->dispatch(Object(CakeRequest), Object(CakeResponse))
#1 {main}
2016-01-15 12:56:31 Error: [MissingControllerException] Controller class ImagesController could not be found.
Exception Attributes: array (
  'class' => 'ImagesController',
  'plugin' => NULL,
)
Request URL: /images/cover/hazlo-unico.png
Stack Trace:
#0 /Users/elionaz/Sites/Frenchs/cake/app/webroot/index.php(110): Dispatcher->dispatch(Object(CakeRequest), Object(CakeResponse))
#1 {main}
2016-01-15 12:56:31 Error: [MissingControllerException] Controller class ImagesController could not be found.
Exception Attributes: array (
  'class' => 'ImagesController',
  'plugin' => NULL,
)
Request URL: /images/cover/santa.png
Stack Trace:
#0 /Users/elionaz/Sites/Frenchs/cake/app/webroot/index.php(110): Dispatcher->dispatch(Object(CakeRequest), Object(CakeResponse))
#1 {main}
2016-01-15 12:56:31 Error: [MissingControllerException] Controller class ImagesController could not be found.
Exception Attributes: array (
  'class' => 'ImagesController',
  'plugin' => NULL,
)
Request URL: /images/cover/hills-front.png
Stack Trace:
#0 /Users/elionaz/Sites/Frenchs/cake/app/webroot/index.php(110): Dispatcher->dispatch(Object(CakeRequest), Object(CakeResponse))
#1 {main}
2016-01-15 12:56:31 Error: [MissingControllerException] Controller class ImagesController could not be found.
Exception Attributes: array (
  'class' => 'ImagesController',
  'plugin' => NULL,
)
Request URL: /images/cover/nubes.png
Stack Trace:
#0 /Users/elionaz/Sites/Frenchs/cake/app/webroot/index.php(110): Dispatcher->dispatch(Object(CakeRequest), Object(CakeResponse))
#1 {main}
2016-01-15 12:56:31 Error: [MissingControllerException] Controller class ImagesController could not be found.
Exception Attributes: array (
  'class' => 'ImagesController',
  'plugin' => NULL,
)
Request URL: /images/cover/hills.png
Stack Trace:
#0 /Users/elionaz/Sites/Frenchs/cake/app/webroot/index.php(110): Dispatcher->dispatch(Object(CakeRequest), Object(CakeResponse))
#1 {main}
2016-01-15 12:56:31 Error: [MissingControllerException] Controller class ImagesController could not be found.
Exception Attributes: array (
  'class' => 'ImagesController',
  'plugin' => NULL,
)
Request URL: /images/inspiracion/img1-prueba-inspiracion.jpg
Stack Trace:
#0 /Users/elionaz/Sites/Frenchs/cake/app/webroot/index.php(110): Dispatcher->dispatch(Object(CakeRequest), Object(CakeResponse))
#1 {main}
2016-01-15 12:56:31 Error: [MissingControllerException] Controller class ImagesController could not be found.
Exception Attributes: array (
  'class' => 'ImagesController',
  'plugin' => NULL,
)
Request URL: /images/inspiracion/img2-prueba-inspiracion.jpg
Stack Trace:
#0 /Users/elionaz/Sites/Frenchs/cake/app/webroot/index.php(110): Dispatcher->dispatch(Object(CakeRequest), Object(CakeResponse))
#1 {main}
2016-01-15 12:56:31 Error: [MissingControllerException] Controller class ImagesController could not be found.
Exception Attributes: array (
  'class' => 'ImagesController',
  'plugin' => NULL,
)
Request URL: /images/inspiracion/img3-prueba-inspiracion.jpg
Stack Trace:
#0 /Users/elionaz/Sites/Frenchs/cake/app/webroot/index.php(110): Dispatcher->dispatch(Object(CakeRequest), Object(CakeResponse))
#1 {main}
2016-01-15 12:56:31 Error: [MissingControllerException] Controller class ImagesController could not be found.
Exception Attributes: array (
  'class' => 'ImagesController',
  'plugin' => NULL,
)
Request URL: /images/productos/producto-cinta-cristal.png
Stack Trace:
#0 /Users/elionaz/Sites/Frenchs/cake/app/webroot/index.php(110): Dispatcher->dispatch(Object(CakeRequest), Object(CakeResponse))
#1 {main}
2016-01-15 12:56:32 Error: [MissingControllerException] Controller class ImagesController could not be found.
Exception Attributes: array (
  'class' => 'ImagesController',
  'plugin' => NULL,
)
Request URL: /images/productos/producto-cinta-magica.png
Stack Trace:
#0 /Users/elionaz/Sites/Frenchs/cake/app/webroot/index.php(110): Dispatcher->dispatch(Object(CakeRequest), Object(CakeResponse))
#1 {main}
2016-01-15 12:56:35 Error: [MissingControllerException] Controller class ImagesController could not be found.
Exception Attributes: array (
  'class' => 'ImagesController',
  'plugin' => NULL,
)
Request URL: /images/inspiracion/img2-prueba-inspiracion.jpg
Stack Trace:
#0 /Users/elionaz/Sites/Frenchs/cake/app/webroot/index.php(110): Dispatcher->dispatch(Object(CakeRequest), Object(CakeResponse))
#1 {main}
2016-01-15 12:57:41 Error: [MissingControllerException] Controller class ImagesController could not be found.
Exception Attributes: array (
  'class' => 'ImagesController',
  'plugin' => NULL,
)
Request URL: /images/cover/nubes.png
Stack Trace:
#0 /Users/elionaz/Sites/Frenchs/cake/app/webroot/index.php(110): Dispatcher->dispatch(Object(CakeRequest), Object(CakeResponse))
#1 {main}
2016-01-15 12:57:41 Error: [MissingControllerException] Controller class ImagesController could not be found.
Exception Attributes: array (
  'class' => 'ImagesController',
  'plugin' => NULL,
)
Request URL: /images/cover/santa.png
Stack Trace:
#0 /Users/elionaz/Sites/Frenchs/cake/app/webroot/index.php(110): Dispatcher->dispatch(Object(CakeRequest), Object(CakeResponse))
#1 {main}
2016-01-15 12:57:41 Error: [MissingControllerException] Controller class ImagesController could not be found.
Exception Attributes: array (
  'class' => 'ImagesController',
  'plugin' => NULL,
)
Request URL: /images/cover/hills.png
Stack Trace:
#0 /Users/elionaz/Sites/Frenchs/cake/app/webroot/index.php(110): Dispatcher->dispatch(Object(CakeRequest), Object(CakeResponse))
#1 {main}
2016-01-15 12:57:41 Error: [MissingControllerException] Controller class ImagesController could not be found.
Exception Attributes: array (
  'class' => 'ImagesController',
  'plugin' => NULL,
)
Request URL: /images/inspiracion/img1-prueba-inspiracion.jpg
Stack Trace:
#0 /Users/elionaz/Sites/Frenchs/cake/app/webroot/index.php(110): Dispatcher->dispatch(Object(CakeRequest), Object(CakeResponse))
#1 {main}
2016-01-15 12:57:41 Error: [MissingControllerException] Controller class ImagesController could not be found.
Exception Attributes: array (
  'class' => 'ImagesController',
  'plugin' => NULL,
)
Request URL: /images/cover/hazlo-unico.png
Stack Trace:
#0 /Users/elionaz/Sites/Frenchs/cake/app/webroot/index.php(110): Dispatcher->dispatch(Object(CakeRequest), Object(CakeResponse))
#1 {main}
2016-01-15 12:57:41 Error: [MissingControllerException] Controller class ImagesController could not be found.
Exception Attributes: array (
  'class' => 'ImagesController',
  'plugin' => NULL,
)
Request URL: /images/cover/hills-front.png
Stack Trace:
#0 /Users/elionaz/Sites/Frenchs/cake/app/webroot/index.php(110): Dispatcher->dispatch(Object(CakeRequest), Object(CakeResponse))
#1 {main}
2016-01-15 12:57:42 Error: [MissingControllerException] Controller class ImagesController could not be found.
Exception Attributes: array (
  'class' => 'ImagesController',
  'plugin' => NULL,
)
Request URL: /images/inspiracion/img2-prueba-inspiracion.jpg
Stack Trace:
#0 /Users/elionaz/Sites/Frenchs/cake/app/webroot/index.php(110): Dispatcher->dispatch(Object(CakeRequest), Object(CakeResponse))
#1 {main}
2016-01-15 12:57:42 Error: [MissingControllerException] Controller class ImagesController could not be found.
Exception Attributes: array (
  'class' => 'ImagesController',
  'plugin' => NULL,
)
Request URL: /images/productos/producto-cinta-magica.png
Stack Trace:
#0 /Users/elionaz/Sites/Frenchs/cake/app/webroot/index.php(110): Dispatcher->dispatch(Object(CakeRequest), Object(CakeResponse))
#1 {main}
2016-01-15 12:57:42 Error: [MissingControllerException] Controller class ImagesController could not be found.
Exception Attributes: array (
  'class' => 'ImagesController',
  'plugin' => NULL,
)
Request URL: /images/productos/producto-cinta-cristal.png
Stack Trace:
#0 /Users/elionaz/Sites/Frenchs/cake/app/webroot/index.php(110): Dispatcher->dispatch(Object(CakeRequest), Object(CakeResponse))
#1 {main}
2016-01-15 12:57:42 Error: [MissingControllerException] Controller class ImagesController could not be found.
Exception Attributes: array (
  'class' => 'ImagesController',
  'plugin' => NULL,
)
Request URL: /images/inspiracion/img3-prueba-inspiracion.jpg
Stack Trace:
#0 /Users/elionaz/Sites/Frenchs/cake/app/webroot/index.php(110): Dispatcher->dispatch(Object(CakeRequest), Object(CakeResponse))
#1 {main}
2016-01-15 13:06:07 Error: [MissingControllerException] Controller class ImagesController could not be found.
Exception Attributes: array (
  'class' => 'ImagesController',
  'plugin' => NULL,
)
Request URL: /images/cover/nubes.png
Stack Trace:
#0 /Users/elionaz/Sites/Frenchs/cake/app/webroot/index.php(110): Dispatcher->dispatch(Object(CakeRequest), Object(CakeResponse))
#1 {main}
2016-01-15 13:06:07 Error: [MissingControllerException] Controller class ImagesController could not be found.
Exception Attributes: array (
  'class' => 'ImagesController',
  'plugin' => NULL,
)
Request URL: /images/cover/hills.png
Stack Trace:
#0 /Users/elionaz/Sites/Frenchs/cake/app/webroot/index.php(110): Dispatcher->dispatch(Object(CakeRequest), Object(CakeResponse))
#1 {main}
2016-01-15 13:06:07 Error: [MissingControllerException] Controller class ImagesController could not be found.
Exception Attributes: array (
  'class' => 'ImagesController',
  'plugin' => NULL,
)
Request URL: /images/cover/hazlo-unico.png
Stack Trace:
#0 /Users/elionaz/Sites/Frenchs/cake/app/webroot/index.php(110): Dispatcher->dispatch(Object(CakeRequest), Object(CakeResponse))
#1 {main}
2016-01-15 13:06:07 Error: [MissingControllerException] Controller class ImagesController could not be found.
Exception Attributes: array (
  'class' => 'ImagesController',
  'plugin' => NULL,
)
Request URL: /images/cover/santa.png
Stack Trace:
#0 /Users/elionaz/Sites/Frenchs/cake/app/webroot/index.php(110): Dispatcher->dispatch(Object(CakeRequest), Object(CakeResponse))
#1 {main}
2016-01-15 13:06:07 Error: [MissingControllerException] Controller class ImagesController could not be found.
Exception Attributes: array (
  'class' => 'ImagesController',
  'plugin' => NULL,
)
Request URL: /images/cover/hills-front.png
Stack Trace:
#0 /Users/elionaz/Sites/Frenchs/cake/app/webroot/index.php(110): Dispatcher->dispatch(Object(CakeRequest), Object(CakeResponse))
#1 {main}
2016-01-15 13:06:07 Error: [MissingControllerException] Controller class ImagesController could not be found.
Exception Attributes: array (
  'class' => 'ImagesController',
  'plugin' => NULL,
)
Request URL: /images/inspiracion/img1-prueba-inspiracion.jpg
Stack Trace:
#0 /Users/elionaz/Sites/Frenchs/cake/app/webroot/index.php(110): Dispatcher->dispatch(Object(CakeRequest), Object(CakeResponse))
#1 {main}
2016-01-15 13:06:07 Error: [MissingControllerException] Controller class ImagesController could not be found.
Exception Attributes: array (
  'class' => 'ImagesController',
  'plugin' => NULL,
)
Request URL: /images/inspiracion/img2-prueba-inspiracion.jpg
Stack Trace:
#0 /Users/elionaz/Sites/Frenchs/cake/app/webroot/index.php(110): Dispatcher->dispatch(Object(CakeRequest), Object(CakeResponse))
#1 {main}
2016-01-15 13:06:07 Error: [MissingControllerException] Controller class ImagesController could not be found.
Exception Attributes: array (
  'class' => 'ImagesController',
  'plugin' => NULL,
)
Request URL: /images/inspiracion/img3-prueba-inspiracion.jpg
Stack Trace:
#0 /Users/elionaz/Sites/Frenchs/cake/app/webroot/index.php(110): Dispatcher->dispatch(Object(CakeRequest), Object(CakeResponse))
#1 {main}
2016-01-15 13:06:07 Error: [MissingControllerException] Controller class ImagesController could not be found.
Exception Attributes: array (
  'class' => 'ImagesController',
  'plugin' => NULL,
)
Request URL: /images/productos/producto-cinta-cristal.png
Stack Trace:
#0 /Users/elionaz/Sites/Frenchs/cake/app/webroot/index.php(110): Dispatcher->dispatch(Object(CakeRequest), Object(CakeResponse))
#1 {main}
2016-01-15 13:06:07 Error: [MissingControllerException] Controller class ImagesController could not be found.
Exception Attributes: array (
  'class' => 'ImagesController',
  'plugin' => NULL,
)
Request URL: /images/productos/producto-cinta-magica.png
Stack Trace:
#0 /Users/elionaz/Sites/Frenchs/cake/app/webroot/index.php(110): Dispatcher->dispatch(Object(CakeRequest), Object(CakeResponse))
#1 {main}
2016-01-15 14:36:15 Error: [MissingControllerException] Controller class Acerca.phpController could not be found.
Exception Attributes: array (
  'class' => 'Acerca.phpController',
  'plugin' => NULL,
)
Request URL: /acerca.php
Stack Trace:
#0 /Users/elionaz/Sites/Frenchs/cake/app/webroot/index.php(110): Dispatcher->dispatch(Object(CakeRequest), Object(CakeResponse))
#1 {main}
2016-01-15 14:52:30 Error: [MissingControllerException] Controller class Recetas.phpController could not be found.
Exception Attributes: array (
  'class' => 'Recetas.phpController',
  'plugin' => NULL,
)
Request URL: /recetas.php
Stack Trace:
#0 /Users/elionaz/Sites/Frenchs/cake/app/webroot/index.php(110): Dispatcher->dispatch(Object(CakeRequest), Object(CakeResponse))
#1 {main}
2016-01-15 14:53:19 Error: [MissingControllerException] Controller class Acerca.phpController could not be found.
Exception Attributes: array (
  'class' => 'Acerca.phpController',
  'plugin' => NULL,
)
Request URL: /acerca.php
Stack Trace:
#0 /Users/elionaz/Sites/Frenchs/cake/app/webroot/index.php(110): Dispatcher->dispatch(Object(CakeRequest), Object(CakeResponse))
#1 {main}
2016-01-15 14:55:15 Error: [MissingActionException] Action HomeController::css() could not be found.
Exception Attributes: array (
  'controller' => 'HomeController',
  'action' => 'css',
)
Request URL: /home/css/main.css
Stack Trace:
#0 /Users/elionaz/Sites/Frenchs/cake/lib/Cake/Routing/Dispatcher.php(187): Controller->invokeAction(Object(CakeRequest))
#1 /Users/elionaz/Sites/Frenchs/cake/lib/Cake/Routing/Dispatcher.php(162): Dispatcher->_invoke(Object(HomeController), Object(CakeRequest), Object(CakeResponse))
#2 /Users/elionaz/Sites/Frenchs/cake/app/webroot/index.php(110): Dispatcher->dispatch(Object(CakeRequest), Object(CakeResponse))
#3 {main}
2016-01-15 14:55:15 Error: [MissingActionException] Action HomeController::plugins() could not be found.
Exception Attributes: array (
  'controller' => 'HomeController',
  'action' => 'plugins',
)
Request URL: /home/plugins/bxslider/jquery.bxslider.css
Stack Trace:
#0 /Users/elionaz/Sites/Frenchs/cake/lib/Cake/Routing/Dispatcher.php(187): Controller->invokeAction(Object(CakeRequest))
#1 /Users/elionaz/Sites/Frenchs/cake/lib/Cake/Routing/Dispatcher.php(162): Dispatcher->_invoke(Object(HomeController), Object(CakeRequest), Object(CakeResponse))
#2 /Users/elionaz/Sites/Frenchs/cake/app/webroot/index.php(110): Dispatcher->dispatch(Object(CakeRequest), Object(CakeResponse))
#3 {main}
2016-01-15 14:55:15 Error: [MissingActionException] Action HomeController::plugins() could not be found.
Exception Attributes: array (
  'controller' => 'HomeController',
  'action' => 'plugins',
)
Request URL: /home/plugins/drag-and-drop/jquery.ezdz.min.css
Stack Trace:
#0 /Users/elionaz/Sites/Frenchs/cake/lib/Cake/Routing/Dispatcher.php(187): Controller->invokeAction(Object(CakeRequest))
#1 /Users/elionaz/Sites/Frenchs/cake/lib/Cake/Routing/Dispatcher.php(162): Dispatcher->_invoke(Object(HomeController), Object(CakeRequest), Object(CakeResponse))
#2 /Users/elionaz/Sites/Frenchs/cake/app/webroot/index.php(110): Dispatcher->dispatch(Object(CakeRequest), Object(CakeResponse))
#3 {main}
2016-01-15 14:55:15 Error: [MissingActionException] Action HomeController::plugins() could not be found.
Exception Attributes: array (
  'controller' => 'HomeController',
  'action' => 'plugins',
)
Request URL: /home/plugins/font-awesome/css/font-awesome.min.css
Stack Trace:
#0 /Users/elionaz/Sites/Frenchs/cake/lib/Cake/Routing/Dispatcher.php(187): Controller->invokeAction(Object(CakeRequest))
#1 /Users/elionaz/Sites/Frenchs/cake/lib/Cake/Routing/Dispatcher.php(162): Dispatcher->_invoke(Object(HomeController), Object(CakeRequest), Object(CakeResponse))
#2 /Users/elionaz/Sites/Frenchs/cake/app/webroot/index.php(110): Dispatcher->dispatch(Object(CakeRequest), Object(CakeResponse))
#3 {main}
2016-01-15 14:55:15 Error: [MissingActionException] Action HomeController::plugins() could not be found.
Exception Attributes: array (
  'controller' => 'HomeController',
  'action' => 'plugins',
)
Request URL: /home/plugins/tinder/jquery.min.js
Stack Trace:
#0 /Users/elionaz/Sites/Frenchs/cake/lib/Cake/Routing/Dispatcher.php(187): Controller->invokeAction(Object(CakeRequest))
#1 /Users/elionaz/Sites/Frenchs/cake/lib/Cake/Routing/Dispatcher.php(162): Dispatcher->_invoke(Object(HomeController), Object(CakeRequest), Object(CakeResponse))
#2 /Users/elionaz/Sites/Frenchs/cake/app/webroot/index.php(110): Dispatcher->dispatch(Object(CakeRequest), Object(CakeResponse))
#3 {main}
2016-01-15 14:55:15 Error: [MissingActionException] Action HomeController::plugins() could not be found.
Exception Attributes: array (
  'controller' => 'HomeController',
  'action' => 'plugins',
)
Request URL: /home/plugins/tinder/jquery.jTinder.js
Stack Trace:
#0 /Users/elionaz/Sites/Frenchs/cake/lib/Cake/Routing/Dispatcher.php(187): Controller->invokeAction(Object(CakeRequest))
#1 /Users/elionaz/Sites/Frenchs/cake/lib/Cake/Routing/Dispatcher.php(162): Dispatcher->_invoke(Object(HomeController), Object(CakeRequest), Object(CakeResponse))
#2 /Users/elionaz/Sites/Frenchs/cake/app/webroot/index.php(110): Dispatcher->dispatch(Object(CakeRequest), Object(CakeResponse))
#3 {main}
2016-01-15 14:55:15 Error: [MissingActionException] Action HomeController::plugins() could not be found.
Exception Attributes: array (
  'controller' => 'HomeController',
  'action' => 'plugins',
)
Request URL: /home/plugins/tinder/jquery.transform2d.js
Stack Trace:
#0 /Users/elionaz/Sites/Frenchs/cake/lib/Cake/Routing/Dispatcher.php(187): Controller->invokeAction(Object(CakeRequest))
#1 /Users/elionaz/Sites/Frenchs/cake/lib/Cake/Routing/Dispatcher.php(162): Dispatcher->_invoke(Object(HomeController), Object(CakeRequest), Object(CakeResponse))
#2 /Users/elionaz/Sites/Frenchs/cake/app/webroot/index.php(110): Dispatcher->dispatch(Object(CakeRequest), Object(CakeResponse))
#3 {main}
2016-01-15 14:55:15 Error: [MissingActionException] Action HomeController::plugins() could not be found.
Exception Attributes: array (
  'controller' => 'HomeController',
  'action' => 'plugins',
)
Request URL: /home/plugins/parallax/parallax.js
Stack Trace:
#0 /Users/elionaz/Sites/Frenchs/cake/lib/Cake/Routing/Dispatcher.php(187): Controller->invokeAction(Object(CakeRequest))
#1 /Users/elionaz/Sites/Frenchs/cake/lib/Cake/Routing/Dispatcher.php(162): Dispatcher->_invoke(Object(HomeController), Object(CakeRequest), Object(CakeResponse))
#2 /Users/elionaz/Sites/Frenchs/cake/app/webroot/index.php(110): Dispatcher->dispatch(Object(CakeRequest), Object(CakeResponse))
#3 {main}
2016-01-15 14:55:15 Error: [MissingActionException] Action HomeController::plugins() could not be found.
Exception Attributes: array (
  'controller' => 'HomeController',
  'action' => 'plugins',
)
Request URL: /home/plugins/drag-and-drop/jquery.ezdz.min.js
Stack Trace:
#0 /Users/elionaz/Sites/Frenchs/cake/lib/Cake/Routing/Dispatcher.php(187): Controller->invokeAction(Object(CakeRequest))
#1 /Users/elionaz/Sites/Frenchs/cake/lib/Cake/Routing/Dispatcher.php(162): Dispatcher->_invoke(Object(HomeController), Object(CakeRequest), Object(CakeResponse))
#2 /Users/elionaz/Sites/Frenchs/cake/app/webroot/index.php(110): Dispatcher->dispatch(Object(CakeRequest), Object(CakeResponse))
#3 {main}
2016-01-15 14:55:15 Error: [MissingActionException] Action HomeController::plugins() could not be found.
Exception Attributes: array (
  'controller' => 'HomeController',
  'action' => 'plugins',
)
Request URL: /home/plugins/bxslider/jquery.bxslider.min.js
Stack Trace:
#0 /Users/elionaz/Sites/Frenchs/cake/lib/Cake/Routing/Dispatcher.php(187): Controller->invokeAction(Object(CakeRequest))
#1 /Users/elionaz/Sites/Frenchs/cake/lib/Cake/Routing/Dispatcher.php(162): Dispatcher->_invoke(Object(HomeController), Object(CakeRequest), Object(CakeResponse))
#2 /Users/elionaz/Sites/Frenchs/cake/app/webroot/index.php(110): Dispatcher->dispatch(Object(CakeRequest), Object(CakeResponse))
#3 {main}
2016-01-15 14:55:16 Error: [MissingActionException] Action HomeController::js() could not be found.
Exception Attributes: array (
  'controller' => 'HomeController',
  'action' => 'js',
)
Request URL: /home/js/main.js
Stack Trace:
#0 /Users/elionaz/Sites/Frenchs/cake/lib/Cake/Routing/Dispatcher.php(187): Controller->invokeAction(Object(CakeRequest))
#1 /Users/elionaz/Sites/Frenchs/cake/lib/Cake/Routing/Dispatcher.php(162): Dispatcher->_invoke(Object(HomeController), Object(CakeRequest), Object(CakeResponse))
#2 /Users/elionaz/Sites/Frenchs/cake/app/webroot/index.php(110): Dispatcher->dispatch(Object(CakeRequest), Object(CakeResponse))
#3 {main}
2016-01-15 14:55:16 Error: [MissingActionException] Action HomeController::js() could not be found.
Exception Attributes: array (
  'controller' => 'HomeController',
  'action' => 'js',
)
Request URL: /home/js/vendor/jquery-1.11.0.min.js
Stack Trace:
#0 /Users/elionaz/Sites/Frenchs/cake/lib/Cake/Routing/Dispatcher.php(187): Controller->invokeAction(Object(CakeRequest))
#1 /Users/elionaz/Sites/Frenchs/cake/lib/Cake/Routing/Dispatcher.php(162): Dispatcher->_invoke(Object(HomeController), Object(CakeRequest), Object(CakeResponse))
#2 /Users/elionaz/Sites/Frenchs/cake/app/webroot/index.php(110): Dispatcher->dispatch(Object(CakeRequest), Object(CakeResponse))
#3 {main}
2016-01-15 14:56:36 Error: [MissingActionException] Action HomeController::plugins() could not be found.
Exception Attributes: array (
  'controller' => 'HomeController',
  'action' => 'plugins',
)
Request URL: /home/plugins/tinder/jquery.min.js
Stack Trace:
#0 /Users/elionaz/Sites/Frenchs/cake/lib/Cake/Routing/Dispatcher.php(187): Controller->invokeAction(Object(CakeRequest))
#1 /Users/elionaz/Sites/Frenchs/cake/lib/Cake/Routing/Dispatcher.php(162): Dispatcher->_invoke(Object(HomeController), Object(CakeRequest), Object(CakeResponse))
#2 /Users/elionaz/Sites/Frenchs/cake/app/webroot/index.php(110): Dispatcher->dispatch(Object(CakeRequest), Object(CakeResponse))
#3 {main}
2016-01-15 14:56:36 Error: [MissingActionException] Action HomeController::images() could not be found.
Exception Attributes: array (
  'controller' => 'HomeController',
  'action' => 'images',
)
Request URL: /home/images/cover/img-cover-acerca.png
Stack Trace:
#0 /Users/elionaz/Sites/Frenchs/cake/lib/Cake/Routing/Dispatcher.php(187): Controller->invokeAction(Object(CakeRequest))
#1 /Users/elionaz/Sites/Frenchs/cake/lib/Cake/Routing/Dispatcher.php(162): Dispatcher->_invoke(Object(HomeController), Object(CakeRequest), Object(CakeResponse))
#2 /Users/elionaz/Sites/Frenchs/cake/app/webroot/index.php(110): Dispatcher->dispatch(Object(CakeRequest), Object(CakeResponse))
#3 {main}
2016-01-15 14:56:36 Error: [MissingActionException] Action HomeController::plugins() could not be found.
Exception Attributes: array (
  'controller' => 'HomeController',
  'action' => 'plugins',
)
Request URL: /home/plugins/font-awesome/css/font-awesome.min.css
Stack Trace:
#0 /Users/elionaz/Sites/Frenchs/cake/lib/Cake/Routing/Dispatcher.php(187): Controller->invokeAction(Object(CakeRequest))
#1 /Users/elionaz/Sites/Frenchs/cake/lib/Cake/Routing/Dispatcher.php(162): Dispatcher->_invoke(Object(HomeController), Object(CakeRequest), Object(CakeResponse))
#2 /Users/elionaz/Sites/Frenchs/cake/app/webroot/index.php(110): Dispatcher->dispatch(Object(CakeRequest), Object(CakeResponse))
#3 {main}
2016-01-15 14:56:36 Error: [MissingActionException] Action HomeController::css() could not be found.
Exception Attributes: array (
  'controller' => 'HomeController',
  'action' => 'css',
)
Request URL: /home/css/main.css
Stack Trace:
#0 /Users/elionaz/Sites/Frenchs/cake/lib/Cake/Routing/Dispatcher.php(187): Controller->invokeAction(Object(CakeRequest))
#1 /Users/elionaz/Sites/Frenchs/cake/lib/Cake/Routing/Dispatcher.php(162): Dispatcher->_invoke(Object(HomeController), Object(CakeRequest), Object(CakeResponse))
#2 /Users/elionaz/Sites/Frenchs/cake/app/webroot/index.php(110): Dispatcher->dispatch(Object(CakeRequest), Object(CakeResponse))
#3 {main}
2016-01-15 14:56:36 Error: [MissingActionException] Action HomeController::plugins() could not be found.
Exception Attributes: array (
  'controller' => 'HomeController',
  'action' => 'plugins',
)
Request URL: /home/plugins/drag-and-drop/jquery.ezdz.min.css
Stack Trace:
#0 /Users/elionaz/Sites/Frenchs/cake/lib/Cake/Routing/Dispatcher.php(187): Controller->invokeAction(Object(CakeRequest))
#1 /Users/elionaz/Sites/Frenchs/cake/lib/Cake/Routing/Dispatcher.php(162): Dispatcher->_invoke(Object(HomeController), Object(CakeRequest), Object(CakeResponse))
#2 /Users/elionaz/Sites/Frenchs/cake/app/webroot/index.php(110): Dispatcher->dispatch(Object(CakeRequest), Object(CakeResponse))
#3 {main}
2016-01-15 14:56:36 Error: [MissingActionException] Action HomeController::plugins() could not be found.
Exception Attributes: array (
  'controller' => 'HomeController',
  'action' => 'plugins',
)
Request URL: /home/plugins/bxslider/jquery.bxslider.css
Stack Trace:
#0 /Users/elionaz/Sites/Frenchs/cake/lib/Cake/Routing/Dispatcher.php(187): Controller->invokeAction(Object(CakeRequest))
#1 /Users/elionaz/Sites/Frenchs/cake/lib/Cake/Routing/Dispatcher.php(162): Dispatcher->_invoke(Object(HomeController), Object(CakeRequest), Object(CakeResponse))
#2 /Users/elionaz/Sites/Frenchs/cake/app/webroot/index.php(110): Dispatcher->dispatch(Object(CakeRequest), Object(CakeResponse))
#3 {main}
2016-01-15 14:56:36 Error: [MissingActionException] Action HomeController::plugins() could not be found.
Exception Attributes: array (
  'controller' => 'HomeController',
  'action' => 'plugins',
)
Request URL: /home/plugins/tinder/jquery.transform2d.js
Stack Trace:
#0 /Users/elionaz/Sites/Frenchs/cake/lib/Cake/Routing/Dispatcher.php(187): Controller->invokeAction(Object(CakeRequest))
#1 /Users/elionaz/Sites/Frenchs/cake/lib/Cake/Routing/Dispatcher.php(162): Dispatcher->_invoke(Object(HomeController), Object(CakeRequest), Object(CakeResponse))
#2 /Users/elionaz/Sites/Frenchs/cake/app/webroot/index.php(110): Dispatcher->dispatch(Object(CakeRequest), Object(CakeResponse))
#3 {main}
2016-01-15 14:56:36 Error: [MissingActionException] Action HomeController::plugins() could not be found.
Exception Attributes: array (
  'controller' => 'HomeController',
  'action' => 'plugins',
)
Request URL: /home/plugins/tinder/jquery.jTinder.js
Stack Trace:
#0 /Users/elionaz/Sites/Frenchs/cake/lib/Cake/Routing/Dispatcher.php(187): Controller->invokeAction(Object(CakeRequest))
#1 /Users/elionaz/Sites/Frenchs/cake/lib/Cake/Routing/Dispatcher.php(162): Dispatcher->_invoke(Object(HomeController), Object(CakeRequest), Object(CakeResponse))
#2 /Users/elionaz/Sites/Frenchs/cake/app/webroot/index.php(110): Dispatcher->dispatch(Object(CakeRequest), Object(CakeResponse))
#3 {main}
2016-01-15 14:56:36 Error: [MissingActionException] Action HomeController::plugins() could not be found.
Exception Attributes: array (
  'controller' => 'HomeController',
  'action' => 'plugins',
)
Request URL: /home/plugins/bxslider/jquery.bxslider.min.js
Stack Trace:
#0 /Users/elionaz/Sites/Frenchs/cake/lib/Cake/Routing/Dispatcher.php(187): Controller->invokeAction(Object(CakeRequest))
#1 /Users/elionaz/Sites/Frenchs/cake/lib/Cake/Routing/Dispatcher.php(162): Dispatcher->_invoke(Object(HomeController), Object(CakeRequest), Object(CakeResponse))
#2 /Users/elionaz/Sites/Frenchs/cake/app/webroot/index.php(110): Dispatcher->dispatch(Object(CakeRequest), Object(CakeResponse))
#3 {main}
2016-01-15 14:56:36 Error: [MissingActionException] Action HomeController::plugins() could not be found.
Exception Attributes: array (
  'controller' => 'HomeController',
  'action' => 'plugins',
)
Request URL: /home/plugins/drag-and-drop/jquery.ezdz.min.js
Stack Trace:
#0 /Users/elionaz/Sites/Frenchs/cake/lib/Cake/Routing/Dispatcher.php(187): Controller->invokeAction(Object(CakeRequest))
#1 /Users/elionaz/Sites/Frenchs/cake/lib/Cake/Routing/Dispatcher.php(162): Dispatcher->_invoke(Object(HomeController), Object(CakeRequest), Object(CakeResponse))
#2 /Users/elionaz/Sites/Frenchs/cake/app/webroot/index.php(110): Dispatcher->dispatch(Object(CakeRequest), Object(CakeResponse))
#3 {main}
2016-01-15 14:56:36 Error: [MissingActionException] Action HomeController::plugins() could not be found.
Exception Attributes: array (
  'controller' => 'HomeController',
  'action' => 'plugins',
)
Request URL: /home/plugins/parallax/parallax.js
Stack Trace:
#0 /Users/elionaz/Sites/Frenchs/cake/lib/Cake/Routing/Dispatcher.php(187): Controller->invokeAction(Object(CakeRequest))
#1 /Users/elionaz/Sites/Frenchs/cake/lib/Cake/Routing/Dispatcher.php(162): Dispatcher->_invoke(Object(HomeController), Object(CakeRequest), Object(CakeResponse))
#2 /Users/elionaz/Sites/Frenchs/cake/app/webroot/index.php(110): Dispatcher->dispatch(Object(CakeRequest), Object(CakeResponse))
#3 {main}
2016-01-15 14:56:36 Error: [MissingActionException] Action HomeController::js() could not be found.
Exception Attributes: array (
  'controller' => 'HomeController',
  'action' => 'js',
)
Request URL: /home/js/main.js
Stack Trace:
#0 /Users/elionaz/Sites/Frenchs/cake/lib/Cake/Routing/Dispatcher.php(187): Controller->invokeAction(Object(CakeRequest))
#1 /Users/elionaz/Sites/Frenchs/cake/lib/Cake/Routing/Dispatcher.php(162): Dispatcher->_invoke(Object(HomeController), Object(CakeRequest), Object(CakeResponse))
#2 /Users/elionaz/Sites/Frenchs/cake/app/webroot/index.php(110): Dispatcher->dispatch(Object(CakeRequest), Object(CakeResponse))
#3 {main}
2016-01-15 14:56:37 Error: [MissingActionException] Action HomeController::js() could not be found.
Exception Attributes: array (
  'controller' => 'HomeController',
  'action' => 'js',
)
Request URL: /home/js/vendor/jquery-1.11.0.min.js
Stack Trace:
#0 /Users/elionaz/Sites/Frenchs/cake/lib/Cake/Routing/Dispatcher.php(187): Controller->invokeAction(Object(CakeRequest))
#1 /Users/elionaz/Sites/Frenchs/cake/lib/Cake/Routing/Dispatcher.php(162): Dispatcher->_invoke(Object(HomeController), Object(CakeRequest), Object(CakeResponse))
#2 /Users/elionaz/Sites/Frenchs/cake/app/webroot/index.php(110): Dispatcher->dispatch(Object(CakeRequest), Object(CakeResponse))
#3 {main}
2016-01-15 14:56:38 Error: [MissingActionException] Action HomeController::plugins() could not be found.
Exception Attributes: array (
  'controller' => 'HomeController',
  'action' => 'plugins',
)
Request URL: /home/plugins/bxslider/jquery.bxslider.css
Stack Trace:
#0 /Users/elionaz/Sites/Frenchs/cake/lib/Cake/Routing/Dispatcher.php(187): Controller->invokeAction(Object(CakeRequest))
#1 /Users/elionaz/Sites/Frenchs/cake/lib/Cake/Routing/Dispatcher.php(162): Dispatcher->_invoke(Object(HomeController), Object(CakeRequest), Object(CakeResponse))
#2 /Users/elionaz/Sites/Frenchs/cake/app/webroot/index.php(110): Dispatcher->dispatch(Object(CakeRequest), Object(CakeResponse))
#3 {main}
2016-01-15 14:56:38 Error: [MissingActionException] Action HomeController::css() could not be found.
Exception Attributes: array (
  'controller' => 'HomeController',
  'action' => 'css',
)
Request URL: /home/css/main.css
Stack Trace:
#0 /Users/elionaz/Sites/Frenchs/cake/lib/Cake/Routing/Dispatcher.php(187): Controller->invokeAction(Object(CakeRequest))
#1 /Users/elionaz/Sites/Frenchs/cake/lib/Cake/Routing/Dispatcher.php(162): Dispatcher->_invoke(Object(HomeController), Object(CakeRequest), Object(CakeResponse))
#2 /Users/elionaz/Sites/Frenchs/cake/app/webroot/index.php(110): Dispatcher->dispatch(Object(CakeRequest), Object(CakeResponse))
#3 {main}
2016-01-15 14:56:38 Error: [MissingActionException] Action HomeController::plugins() could not be found.
Exception Attributes: array (
  'controller' => 'HomeController',
  'action' => 'plugins',
)
Request URL: /home/plugins/drag-and-drop/jquery.ezdz.min.css
Stack Trace:
#0 /Users/elionaz/Sites/Frenchs/cake/lib/Cake/Routing/Dispatcher.php(187): Controller->invokeAction(Object(CakeRequest))
#1 /Users/elionaz/Sites/Frenchs/cake/lib/Cake/Routing/Dispatcher.php(162): Dispatcher->_invoke(Object(HomeController), Object(CakeRequest), Object(CakeResponse))
#2 /Users/elionaz/Sites/Frenchs/cake/app/webroot/index.php(110): Dispatcher->dispatch(Object(CakeRequest), Object(CakeResponse))
#3 {main}
2016-01-15 14:56:38 Error: [MissingActionException] Action HomeController::plugins() could not be found.
Exception Attributes: array (
  'controller' => 'HomeController',
  'action' => 'plugins',
)
Request URL: /home/plugins/font-awesome/css/font-awesome.min.css
Stack Trace:
#0 /Users/elionaz/Sites/Frenchs/cake/lib/Cake/Routing/Dispatcher.php(187): Controller->invokeAction(Object(CakeRequest))
#1 /Users/elionaz/Sites/Frenchs/cake/lib/Cake/Routing/Dispatcher.php(162): Dispatcher->_invoke(Object(HomeController), Object(CakeRequest), Object(CakeResponse))
#2 /Users/elionaz/Sites/Frenchs/cake/app/webroot/index.php(110): Dispatcher->dispatch(Object(CakeRequest), Object(CakeResponse))
#3 {main}
2016-01-15 14:56:38 Error: [MissingActionException] Action HomeController::images() could not be found.
Exception Attributes: array (
  'controller' => 'HomeController',
  'action' => 'images',
)
Request URL: /home/images/cover/img-cover-acerca.png
Stack Trace:
#0 /Users/elionaz/Sites/Frenchs/cake/lib/Cake/Routing/Dispatcher.php(187): Controller->invokeAction(Object(CakeRequest))
#1 /Users/elionaz/Sites/Frenchs/cake/lib/Cake/Routing/Dispatcher.php(162): Dispatcher->_invoke(Object(HomeController), Object(CakeRequest), Object(CakeResponse))
#2 /Users/elionaz/Sites/Frenchs/cake/app/webroot/index.php(110): Dispatcher->dispatch(Object(CakeRequest), Object(CakeResponse))
#3 {main}
2016-01-15 14:56:38 Error: [MissingActionException] Action HomeController::plugins() could not be found.
Exception Attributes: array (
  'controller' => 'HomeController',
  'action' => 'plugins',
)
Request URL: /home/plugins/tinder/jquery.min.js
Stack Trace:
#0 /Users/elionaz/Sites/Frenchs/cake/lib/Cake/Routing/Dispatcher.php(187): Controller->invokeAction(Object(CakeRequest))
#1 /Users/elionaz/Sites/Frenchs/cake/lib/Cake/Routing/Dispatcher.php(162): Dispatcher->_invoke(Object(HomeController), Object(CakeRequest), Object(CakeResponse))
#2 /Users/elionaz/Sites/Frenchs/cake/app/webroot/index.php(110): Dispatcher->dispatch(Object(CakeRequest), Object(CakeResponse))
#3 {main}
2016-01-15 14:56:39 Error: [MissingActionException] Action HomeController::plugins() could not be found.
Exception Attributes: array (
  'controller' => 'HomeController',
  'action' => 'plugins',
)
Request URL: /home/plugins/tinder/jquery.jTinder.js
Stack Trace:
#0 /Users/elionaz/Sites/Frenchs/cake/lib/Cake/Routing/Dispatcher.php(187): Controller->invokeAction(Object(CakeRequest))
#1 /Users/elionaz/Sites/Frenchs/cake/lib/Cake/Routing/Dispatcher.php(162): Dispatcher->_invoke(Object(HomeController), Object(CakeRequest), Object(CakeResponse))
#2 /Users/elionaz/Sites/Frenchs/cake/app/webroot/index.php(110): Dispatcher->dispatch(Object(CakeRequest), Object(CakeResponse))
#3 {main}
2016-01-15 14:56:39 Error: [MissingActionException] Action HomeController::plugins() could not be found.
Exception Attributes: array (
  'controller' => 'HomeController',
  'action' => 'plugins',
)
Request URL: /home/plugins/tinder/jquery.transform2d.js
Stack Trace:
#0 /Users/elionaz/Sites/Frenchs/cake/lib/Cake/Routing/Dispatcher.php(187): Controller->invokeAction(Object(CakeRequest))
#1 /Users/elionaz/Sites/Frenchs/cake/lib/Cake/Routing/Dispatcher.php(162): Dispatcher->_invoke(Object(HomeController), Object(CakeRequest), Object(CakeResponse))
#2 /Users/elionaz/Sites/Frenchs/cake/app/webroot/index.php(110): Dispatcher->dispatch(Object(CakeRequest), Object(CakeResponse))
#3 {main}
2016-01-15 14:56:39 Error: [MissingActionException] Action HomeController::plugins() could not be found.
Exception Attributes: array (
  'controller' => 'HomeController',
  'action' => 'plugins',
)
Request URL: /home/plugins/bxslider/jquery.bxslider.min.js
Stack Trace:
#0 /Users/elionaz/Sites/Frenchs/cake/lib/Cake/Routing/Dispatcher.php(187): Controller->invokeAction(Object(CakeRequest))
#1 /Users/elionaz/Sites/Frenchs/cake/lib/Cake/Routing/Dispatcher.php(162): Dispatcher->_invoke(Object(HomeController), Object(CakeRequest), Object(CakeResponse))
#2 /Users/elionaz/Sites/Frenchs/cake/app/webroot/index.php(110): Dispatcher->dispatch(Object(CakeRequest), Object(CakeResponse))
#3 {main}
2016-01-15 14:56:39 Error: [MissingActionException] Action HomeController::plugins() could not be found.
Exception Attributes: array (
  'controller' => 'HomeController',
  'action' => 'plugins',
)
Request URL: /home/plugins/parallax/parallax.js
Stack Trace:
#0 /Users/elionaz/Sites/Frenchs/cake/lib/Cake/Routing/Dispatcher.php(187): Controller->invokeAction(Object(CakeRequest))
#1 /Users/elionaz/Sites/Frenchs/cake/lib/Cake/Routing/Dispatcher.php(162): Dispatcher->_invoke(Object(HomeController), Object(CakeRequest), Object(CakeResponse))
#2 /Users/elionaz/Sites/Frenchs/cake/app/webroot/index.php(110): Dispatcher->dispatch(Object(CakeRequest), Object(CakeResponse))
#3 {main}
2016-01-15 14:56:39 Error: [MissingActionException] Action HomeController::plugins() could not be found.
Exception Attributes: array (
  'controller' => 'HomeController',
  'action' => 'plugins',
)
Request URL: /home/plugins/drag-and-drop/jquery.ezdz.min.js
Stack Trace:
#0 /Users/elionaz/Sites/Frenchs/cake/lib/Cake/Routing/Dispatcher.php(187): Controller->invokeAction(Object(CakeRequest))
#1 /Users/elionaz/Sites/Frenchs/cake/lib/Cake/Routing/Dispatcher.php(162): Dispatcher->_invoke(Object(HomeController), Object(CakeRequest), Object(CakeResponse))
#2 /Users/elionaz/Sites/Frenchs/cake/app/webroot/index.php(110): Dispatcher->dispatch(Object(CakeRequest), Object(CakeResponse))
#3 {main}
2016-01-15 14:56:39 Error: [MissingActionException] Action HomeController::js() could not be found.
Exception Attributes: array (
  'controller' => 'HomeController',
  'action' => 'js',
)
Request URL: /home/js/main.js
Stack Trace:
#0 /Users/elionaz/Sites/Frenchs/cake/lib/Cake/Routing/Dispatcher.php(187): Controller->invokeAction(Object(CakeRequest))
#1 /Users/elionaz/Sites/Frenchs/cake/lib/Cake/Routing/Dispatcher.php(162): Dispatcher->_invoke(Object(HomeController), Object(CakeRequest), Object(CakeResponse))
#2 /Users/elionaz/Sites/Frenchs/cake/app/webroot/index.php(110): Dispatcher->dispatch(Object(CakeRequest), Object(CakeResponse))
#3 {main}
2016-01-15 14:56:39 Error: [MissingActionException] Action HomeController::js() could not be found.
Exception Attributes: array (
  'controller' => 'HomeController',
  'action' => 'js',
)
Request URL: /home/js/vendor/jquery-1.11.0.min.js
Stack Trace:
#0 /Users/elionaz/Sites/Frenchs/cake/lib/Cake/Routing/Dispatcher.php(187): Controller->invokeAction(Object(CakeRequest))
#1 /Users/elionaz/Sites/Frenchs/cake/lib/Cake/Routing/Dispatcher.php(162): Dispatcher->_invoke(Object(HomeController), Object(CakeRequest), Object(CakeResponse))
#2 /Users/elionaz/Sites/Frenchs/cake/app/webroot/index.php(110): Dispatcher->dispatch(Object(CakeRequest), Object(CakeResponse))
#3 {main}
2016-01-15 14:57:34 Error: [MissingControllerException] Controller class SobreController could not be found.
Exception Attributes: array (
  'class' => 'SobreController',
  'plugin' => NULL,
)
Request URL: /sobre
Stack Trace:
#0 /Users/elionaz/Sites/Frenchs/cake/app/webroot/index.php(110): Dispatcher->dispatch(Object(CakeRequest), Object(CakeResponse))
#1 {main}
2016-01-15 14:57:36 Error: [MissingControllerException] Controller class SobreController could not be found.
Exception Attributes: array (
  'class' => 'SobreController',
  'plugin' => NULL,
)
Request URL: /sobre
Stack Trace:
#0 /Users/elionaz/Sites/Frenchs/cake/app/webroot/index.php(110): Dispatcher->dispatch(Object(CakeRequest), Object(CakeResponse))
#1 {main}
2016-01-15 14:57:48 Error: [MissingControllerException] Controller class Sobre-nosotrosController could not be found.
Exception Attributes: array (
  'class' => 'Sobre-nosotrosController',
  'plugin' => NULL,
)
Request URL: /sobre-nosotros
Stack Trace:
#0 /Users/elionaz/Sites/Frenchs/cake/app/webroot/index.php(110): Dispatcher->dispatch(Object(CakeRequest), Object(CakeResponse))
#1 {main}
2016-01-15 14:58:15 Error: [MissingControllerException] Controller class Sobre-nosotrosController could not be found.
Exception Attributes: array (
  'class' => 'Sobre-nosotrosController',
  'plugin' => NULL,
)
Request URL: /sobre-nosotros
Stack Trace:
#0 /Users/elionaz/Sites/Frenchs/cake/app/webroot/index.php(110): Dispatcher->dispatch(Object(CakeRequest), Object(CakeResponse))
#1 {main}
2016-01-15 14:58:21 Error: [MissingActionException] Action HomeController::plugins() could not be found.
Exception Attributes: array (
  'controller' => 'HomeController',
  'action' => 'plugins',
)
Request URL: /home/plugins/bxslider/jquery.bxslider.css
Stack Trace:
#0 /Users/elionaz/Sites/Frenchs/cake/lib/Cake/Routing/Dispatcher.php(187): Controller->invokeAction(Object(CakeRequest))
#1 /Users/elionaz/Sites/Frenchs/cake/lib/Cake/Routing/Dispatcher.php(162): Dispatcher->_invoke(Object(HomeController), Object(CakeRequest), Object(CakeResponse))
#2 /Users/elionaz/Sites/Frenchs/cake/app/webroot/index.php(110): Dispatcher->dispatch(Object(CakeRequest), Object(CakeResponse))
#3 {main}
2016-01-15 14:58:21 Error: [MissingActionException] Action HomeController::plugins() could not be found.
Exception Attributes: array (
  'controller' => 'HomeController',
  'action' => 'plugins',
)
Request URL: /home/plugins/drag-and-drop/jquery.ezdz.min.css
Stack Trace:
#0 /Users/elionaz/Sites/Frenchs/cake/lib/Cake/Routing/Dispatcher.php(187): Controller->invokeAction(Object(CakeRequest))
#1 /Users/elionaz/Sites/Frenchs/cake/lib/Cake/Routing/Dispatcher.php(162): Dispatcher->_invoke(Object(HomeController), Object(CakeRequest), Object(CakeResponse))
#2 /Users/elionaz/Sites/Frenchs/cake/app/webroot/index.php(110): Dispatcher->dispatch(Object(CakeRequest), Object(CakeResponse))
#3 {main}
2016-01-15 14:58:21 Error: [MissingActionException] Action HomeController::images() could not be found.
Exception Attributes: array (
  'controller' => 'HomeController',
  'action' => 'images',
)
Request URL: /home/images/cover/img-cover-acerca.png
Stack Trace:
#0 /Users/elionaz/Sites/Frenchs/cake/lib/Cake/Routing/Dispatcher.php(187): Controller->invokeAction(Object(CakeRequest))
#1 /Users/elionaz/Sites/Frenchs/cake/lib/Cake/Routing/Dispatcher.php(162): Dispatcher->_invoke(Object(HomeController), Object(CakeRequest), Object(CakeResponse))
#2 /Users/elionaz/Sites/Frenchs/cake/app/webroot/index.php(110): Dispatcher->dispatch(Object(CakeRequest), Object(CakeResponse))
#3 {main}
2016-01-15 14:58:21 Error: [MissingActionException] Action HomeController::css() could not be found.
Exception Attributes: array (
  'controller' => 'HomeController',
  'action' => 'css',
)
Request URL: /home/css/main.css
Stack Trace:
#0 /Users/elionaz/Sites/Frenchs/cake/lib/Cake/Routing/Dispatcher.php(187): Controller->invokeAction(Object(CakeRequest))
#1 /Users/elionaz/Sites/Frenchs/cake/lib/Cake/Routing/Dispatcher.php(162): Dispatcher->_invoke(Object(HomeController), Object(CakeRequest), Object(CakeResponse))
#2 /Users/elionaz/Sites/Frenchs/cake/app/webroot/index.php(110): Dispatcher->dispatch(Object(CakeRequest), Object(CakeResponse))
#3 {main}
2016-01-15 14:58:21 Error: [MissingActionException] Action HomeController::plugins() could not be found.
Exception Attributes: array (
  'controller' => 'HomeController',
  'action' => 'plugins',
)
Request URL: /home/plugins/font-awesome/css/font-awesome.min.css
Stack Trace:
#0 /Users/elionaz/Sites/Frenchs/cake/lib/Cake/Routing/Dispatcher.php(187): Controller->invokeAction(Object(CakeRequest))
#1 /Users/elionaz/Sites/Frenchs/cake/lib/Cake/Routing/Dispatcher.php(162): Dispatcher->_invoke(Object(HomeController), Object(CakeRequest), Object(CakeResponse))
#2 /Users/elionaz/Sites/Frenchs/cake/app/webroot/index.php(110): Dispatcher->dispatch(Object(CakeRequest), Object(CakeResponse))
#3 {main}
2016-01-15 14:58:21 Error: [MissingActionException] Action HomeController::plugins() could not be found.
Exception Attributes: array (
  'controller' => 'HomeController',
  'action' => 'plugins',
)
Request URL: /home/plugins/tinder/jquery.min.js
Stack Trace:
#0 /Users/elionaz/Sites/Frenchs/cake/lib/Cake/Routing/Dispatcher.php(187): Controller->invokeAction(Object(CakeRequest))
#1 /Users/elionaz/Sites/Frenchs/cake/lib/Cake/Routing/Dispatcher.php(162): Dispatcher->_invoke(Object(HomeController), Object(CakeRequest), Object(CakeResponse))
#2 /Users/elionaz/Sites/Frenchs/cake/app/webroot/index.php(110): Dispatcher->dispatch(Object(CakeRequest), Object(CakeResponse))
#3 {main}
2016-01-15 14:58:21 Error: [MissingActionException] Action HomeController::plugins() could not be found.
Exception Attributes: array (
  'controller' => 'HomeController',
  'action' => 'plugins',
)
Request URL: /home/plugins/tinder/jquery.transform2d.js
Stack Trace:
#0 /Users/elionaz/Sites/Frenchs/cake/lib/Cake/Routing/Dispatcher.php(187): Controller->invokeAction(Object(CakeRequest))
#1 /Users/elionaz/Sites/Frenchs/cake/lib/Cake/Routing/Dispatcher.php(162): Dispatcher->_invoke(Object(HomeController), Object(CakeRequest), Object(CakeResponse))
#2 /Users/elionaz/Sites/Frenchs/cake/app/webroot/index.php(110): Dispatcher->dispatch(Object(CakeRequest), Object(CakeResponse))
#3 {main}
2016-01-15 14:58:21 Error: [MissingActionException] Action HomeController::plugins() could not be found.
Exception Attributes: array (
  'controller' => 'HomeController',
  'action' => 'plugins',
)
Request URL: /home/plugins/tinder/jquery.jTinder.js
Stack Trace:
#0 /Users/elionaz/Sites/Frenchs/cake/lib/Cake/Routing/Dispatcher.php(187): Controller->invokeAction(Object(CakeRequest))
#1 /Users/elionaz/Sites/Frenchs/cake/lib/Cake/Routing/Dispatcher.php(162): Dispatcher->_invoke(Object(HomeController), Object(CakeRequest), Object(CakeResponse))
#2 /Users/elionaz/Sites/Frenchs/cake/app/webroot/index.php(110): Dispatcher->dispatch(Object(CakeRequest), Object(CakeResponse))
#3 {main}
2016-01-15 14:58:21 Error: [MissingActionException] Action HomeController::plugins() could not be found.
Exception Attributes: array (
  'controller' => 'HomeController',
  'action' => 'plugins',
)
Request URL: /home/plugins/bxslider/jquery.bxslider.min.js
Stack Trace:
#0 /Users/elionaz/Sites/Frenchs/cake/lib/Cake/Routing/Dispatcher.php(187): Controller->invokeAction(Object(CakeRequest))
#1 /Users/elionaz/Sites/Frenchs/cake/lib/Cake/Routing/Dispatcher.php(162): Dispatcher->_invoke(Object(HomeController), Object(CakeRequest), Object(CakeResponse))
#2 /Users/elionaz/Sites/Frenchs/cake/app/webroot/index.php(110): Dispatcher->dispatch(Object(CakeRequest), Object(CakeResponse))
#3 {main}
2016-01-15 14:58:21 Error: [MissingActionException] Action HomeController::plugins() could not be found.
Exception Attributes: array (
  'controller' => 'HomeController',
  'action' => 'plugins',
)
Request URL: /home/plugins/parallax/parallax.js
Stack Trace:
#0 /Users/elionaz/Sites/Frenchs/cake/lib/Cake/Routing/Dispatcher.php(187): Controller->invokeAction(Object(CakeRequest))
#1 /Users/elionaz/Sites/Frenchs/cake/lib/Cake/Routing/Dispatcher.php(162): Dispatcher->_invoke(Object(HomeController), Object(CakeRequest), Object(CakeResponse))
#2 /Users/elionaz/Sites/Frenchs/cake/app/webroot/index.php(110): Dispatcher->dispatch(Object(CakeRequest), Object(CakeResponse))
#3 {main}
2016-01-15 14:58:21 Error: [MissingActionException] Action HomeController::plugins() could not be found.
Exception Attributes: array (
  'controller' => 'HomeController',
  'action' => 'plugins',
)
Request URL: /home/plugins/drag-and-drop/jquery.ezdz.min.js
Stack Trace:
#0 /Users/elionaz/Sites/Frenchs/cake/lib/Cake/Routing/Dispatcher.php(187): Controller->invokeAction(Object(CakeRequest))
#1 /Users/elionaz/Sites/Frenchs/cake/lib/Cake/Routing/Dispatcher.php(162): Dispatcher->_invoke(Object(HomeController), Object(CakeRequest), Object(CakeResponse))
#2 /Users/elionaz/Sites/Frenchs/cake/app/webroot/index.php(110): Dispatcher->dispatch(Object(CakeRequest), Object(CakeResponse))
#3 {main}
2016-01-15 14:58:21 Error: [MissingActionException] Action HomeController::js() could not be found.
Exception Attributes: array (
  'controller' => 'HomeController',
  'action' => 'js',
)
Request URL: /home/js/main.js
Stack Trace:
#0 /Users/elionaz/Sites/Frenchs/cake/lib/Cake/Routing/Dispatcher.php(187): Controller->invokeAction(Object(CakeRequest))
#1 /Users/elionaz/Sites/Frenchs/cake/lib/Cake/Routing/Dispatcher.php(162): Dispatcher->_invoke(Object(HomeController), Object(CakeRequest), Object(CakeResponse))
#2 /Users/elionaz/Sites/Frenchs/cake/app/webroot/index.php(110): Dispatcher->dispatch(Object(CakeRequest), Object(CakeResponse))
#3 {main}
2016-01-15 14:58:21 Error: [MissingActionException] Action HomeController::js() could not be found.
Exception Attributes: array (
  'controller' => 'HomeController',
  'action' => 'js',
)
Request URL: /home/js/vendor/jquery-1.11.0.min.js
Stack Trace:
#0 /Users/elionaz/Sites/Frenchs/cake/lib/Cake/Routing/Dispatcher.php(187): Controller->invokeAction(Object(CakeRequest))
#1 /Users/elionaz/Sites/Frenchs/cake/lib/Cake/Routing/Dispatcher.php(162): Dispatcher->_invoke(Object(HomeController), Object(CakeRequest), Object(CakeResponse))
#2 /Users/elionaz/Sites/Frenchs/cake/app/webroot/index.php(110): Dispatcher->dispatch(Object(CakeRequest), Object(CakeResponse))
#3 {main}
2016-01-15 14:58:24 Error: [MissingActionException] Action HomeController::css() could not be found.
Exception Attributes: array (
  'controller' => 'HomeController',
  'action' => 'css',
)
Request URL: /home/css/main.css
Stack Trace:
#0 /Users/elionaz/Sites/Frenchs/cake/lib/Cake/Routing/Dispatcher.php(187): Controller->invokeAction(Object(CakeRequest))
#1 /Users/elionaz/Sites/Frenchs/cake/lib/Cake/Routing/Dispatcher.php(162): Dispatcher->_invoke(Object(HomeController), Object(CakeRequest), Object(CakeResponse))
#2 /Users/elionaz/Sites/Frenchs/cake/app/webroot/index.php(110): Dispatcher->dispatch(Object(CakeRequest), Object(CakeResponse))
#3 {main}
2016-01-15 14:58:24 Error: [MissingActionException] Action HomeController::plugins() could not be found.
Exception Attributes: array (
  'controller' => 'HomeController',
  'action' => 'plugins',
)
Request URL: /home/plugins/bxslider/jquery.bxslider.css
Stack Trace:
#0 /Users/elionaz/Sites/Frenchs/cake/lib/Cake/Routing/Dispatcher.php(187): Controller->invokeAction(Object(CakeRequest))
#1 /Users/elionaz/Sites/Frenchs/cake/lib/Cake/Routing/Dispatcher.php(162): Dispatcher->_invoke(Object(HomeController), Object(CakeRequest), Object(CakeResponse))
#2 /Users/elionaz/Sites/Frenchs/cake/app/webroot/index.php(110): Dispatcher->dispatch(Object(CakeRequest), Object(CakeResponse))
#3 {main}
2016-01-15 14:58:24 Error: [MissingActionException] Action HomeController::plugins() could not be found.
Exception Attributes: array (
  'controller' => 'HomeController',
  'action' => 'plugins',
)
Request URL: /home/plugins/drag-and-drop/jquery.ezdz.min.css
Stack Trace:
#0 /Users/elionaz/Sites/Frenchs/cake/lib/Cake/Routing/Dispatcher.php(187): Controller->invokeAction(Object(CakeRequest))
#1 /Users/elionaz/Sites/Frenchs/cake/lib/Cake/Routing/Dispatcher.php(162): Dispatcher->_invoke(Object(HomeController), Object(CakeRequest), Object(CakeResponse))
#2 /Users/elionaz/Sites/Frenchs/cake/app/webroot/index.php(110): Dispatcher->dispatch(Object(CakeRequest), Object(CakeResponse))
#3 {main}
2016-01-15 14:58:24 Error: [MissingActionException] Action HomeController::plugins() could not be found.
Exception Attributes: array (
  'controller' => 'HomeController',
  'action' => 'plugins',
)
Request URL: /home/plugins/font-awesome/css/font-awesome.min.css
Stack Trace:
#0 /Users/elionaz/Sites/Frenchs/cake/lib/Cake/Routing/Dispatcher.php(187): Controller->invokeAction(Object(CakeRequest))
#1 /Users/elionaz/Sites/Frenchs/cake/lib/Cake/Routing/Dispatcher.php(162): Dispatcher->_invoke(Object(HomeController), Object(CakeRequest), Object(CakeResponse))
#2 /Users/elionaz/Sites/Frenchs/cake/app/webroot/index.php(110): Dispatcher->dispatch(Object(CakeRequest), Object(CakeResponse))
#3 {main}
2016-01-15 14:59:53 Error: [MissingActionException] Action HomeController::images() could not be found.
Exception Attributes: array (
  'controller' => 'HomeController',
  'action' => 'images',
)
Request URL: /home/images/cover/img-cover-acerca.png
Stack Trace:
#0 /Users/elionaz/Sites/Frenchs/cake/lib/Cake/Routing/Dispatcher.php(187): Controller->invokeAction(Object(CakeRequest))
#1 /Users/elionaz/Sites/Frenchs/cake/lib/Cake/Routing/Dispatcher.php(162): Dispatcher->_invoke(Object(HomeController), Object(CakeRequest), Object(CakeResponse))
#2 /Users/elionaz/Sites/Frenchs/cake/app/webroot/index.php(110): Dispatcher->dispatch(Object(CakeRequest), Object(CakeResponse))
#3 {main}
2016-01-15 14:59:53 Error: [MissingActionException] Action HomeController::js() could not be found.
Exception Attributes: array (
  'controller' => 'HomeController',
  'action' => 'js',
)
Request URL: /home/js/vendor/jquery-1.11.0.min.js
Stack Trace:
#0 /Users/elionaz/Sites/Frenchs/cake/lib/Cake/Routing/Dispatcher.php(187): Controller->invokeAction(Object(CakeRequest))
#1 /Users/elionaz/Sites/Frenchs/cake/lib/Cake/Routing/Dispatcher.php(162): Dispatcher->_invoke(Object(HomeController), Object(CakeRequest), Object(CakeResponse))
#2 /Users/elionaz/Sites/Frenchs/cake/app/webroot/index.php(110): Dispatcher->dispatch(Object(CakeRequest), Object(CakeResponse))
#3 {main}
2016-01-15 15:00:06 Error: [MissingControllerException] Controller class Sobre-nosotrosController could not be found.
Exception Attributes: array (
  'class' => 'Sobre-nosotrosController',
  'plugin' => NULL,
)
Request URL: //sobre-nosotros/images/cover/img-cover-acerca.png
Stack Trace:
#0 /Users/elionaz/Sites/Frenchs/cake/app/webroot/index.php(110): Dispatcher->dispatch(Object(CakeRequest), Object(CakeResponse))
#1 {main}
2016-01-15 15:00:06 Error: [MissingControllerException] Controller class Sobre-nosotrosController could not be found.
Exception Attributes: array (
  'class' => 'Sobre-nosotrosController',
  'plugin' => NULL,
)
Request URL: //sobre-nosotros/js/vendor/jquery-1.11.0.min.js
Stack Trace:
#0 /Users/elionaz/Sites/Frenchs/cake/app/webroot/index.php(110): Dispatcher->dispatch(Object(CakeRequest), Object(CakeResponse))
#1 {main}
2016-01-15 15:00:08 Error: [MissingControllerException] Controller class Sobre-nosotrosController could not be found.
Exception Attributes: array (
  'class' => 'Sobre-nosotrosController',
  'plugin' => NULL,
)
Request URL: /sobre-nosotros/images/cover/img-cover-acerca.png
Stack Trace:
#0 /Users/elionaz/Sites/Frenchs/cake/app/webroot/index.php(110): Dispatcher->dispatch(Object(CakeRequest), Object(CakeResponse))
#1 {main}
2016-01-15 15:00:08 Error: [MissingControllerException] Controller class Sobre-nosotrosController could not be found.
Exception Attributes: array (
  'class' => 'Sobre-nosotrosController',
  'plugin' => NULL,
)
Request URL: /sobre-nosotros/js/vendor/jquery-1.11.0.min.js
Stack Trace:
#0 /Users/elionaz/Sites/Frenchs/cake/app/webroot/index.php(110): Dispatcher->dispatch(Object(CakeRequest), Object(CakeResponse))
#1 {main}
2016-01-15 15:01:07 Error: [MissingControllerException] Controller class Sobre-nosotrosController could not be found.
Exception Attributes: array (
  'class' => 'Sobre-nosotrosController',
  'plugin' => NULL,
)
Request URL: /sobre-nosotros/js/vendor/jquery-1.11.0.min.js
Stack Trace:
#0 /Users/elionaz/Sites/Frenchs/cake/app/webroot/index.php(110): Dispatcher->dispatch(Object(CakeRequest), Object(CakeResponse))
#1 {main}
2016-01-15 15:01:10 Error: [MissingControllerException] Controller class Sobre-nosotrosController could not be found.
Exception Attributes: array (
  'class' => 'Sobre-nosotrosController',
  'plugin' => NULL,
)
Request URL: /sobre-nosotros/js/vendor/jquery-1.11.0.min.js
Stack Trace:
#0 /Users/elionaz/Sites/Frenchs/cake/app/webroot/index.php(110): Dispatcher->dispatch(Object(CakeRequest), Object(CakeResponse))
#1 {main}
2016-01-15 15:04:19 Error: [MissingControllerException] Controller class Sobre-nosotrosController could not be found.
Exception Attributes: array (
  'class' => 'Sobre-nosotrosController',
  'plugin' => NULL,
)
Request URL: /sobre-nosotros/js/vendor/jquery-1.11.0.min.js
Stack Trace:
#0 /Users/elionaz/Sites/Frenchs/cake/app/webroot/index.php(110): Dispatcher->dispatch(Object(CakeRequest), Object(CakeResponse))
#1 {main}
2016-01-15 15:04:24 Error: [MissingControllerException] Controller class Sobre-nosotrosController could not be found.
Exception Attributes: array (
  'class' => 'Sobre-nosotrosController',
  'plugin' => NULL,
)
Request URL: /sobre-nosotros/contacto.php
Stack Trace:
#0 /Users/elionaz/Sites/Frenchs/cake/app/webroot/index.php(110): Dispatcher->dispatch(Object(CakeRequest), Object(CakeResponse))
#1 {main}
2016-01-15 15:04:24 Error: [MissingControllerException] Controller class Sobre-nosotrosController could not be found.
Exception Attributes: array (
  'class' => 'Sobre-nosotrosController',
  'plugin' => NULL,
)
Request URL: /sobre-nosotros/js/vendor/jquery-1.11.0.min.js
Stack Trace:
#0 /Users/elionaz/Sites/Frenchs/cake/app/webroot/index.php(110): Dispatcher->dispatch(Object(CakeRequest), Object(CakeResponse))
#1 {main}
2016-01-15 15:36:40 Error: [MissingControllerException] Controller class Sobre-nosotrosController could not be found.
Exception Attributes: array (
  'class' => 'Sobre-nosotrosController',
  'plugin' => NULL,
)
Request URL: /sobre-nosotros
Stack Trace:
#0 /Users/elionaz/Sites/Frenchs/cake/app/webroot/index.php(110): Dispatcher->dispatch(Object(CakeRequest), Object(CakeResponse))
#1 {main}
2016-01-19 13:42:30 Error: [MissingControllerException] Controller class Sobre-nosotrosController could not be found.
Exception Attributes: array (
  'class' => 'Sobre-nosotrosController',
  'plugin' => NULL,
)
Request URL: /sobre-nosotros/js/vendor/jquery-1.11.0.min.js
Stack Trace:
#0 /Users/elionaz/Sites/Frenchs/cake/app/webroot/index.php(110): Dispatcher->dispatch(Object(CakeRequest), Object(CakeResponse))
#1 {main}
